{"D:\\College\\Software tools\\weather-app\\src\\components\\DateTime.vue": {"path":"D:\\College\\Software tools\\weather-app\\src\\components\\DateTime.vue","statementMap":{"0":{"start":{"line":4,"column":0},"end":{"line":6,"column":3}},"1":{"start":{"line":7,"column":0},"end":{"line":7,"column":25}},"2":{"start":{"line":9,"column":15},"end":{"line":56,"column":1}},"3":{"start":{"line":12,"column":4},"end":{"line":21,"column":6}},"4":{"start":{"line":25,"column":6},"end":{"line":25,"column":45}},"5":{"start":{"line":28,"column":18},"end":{"line":28,"column":28}},"6":{"start":{"line":31,"column":19},"end":{"line":31,"column":36}},"7":{"start":{"line":32,"column":20},"end":{"line":32,"column":60}},"8":{"start":{"line":33,"column":18},"end":{"line":33,"column":53}},"9":{"start":{"line":34,"column":20},"end":{"line":34,"column":56}},"10":{"start":{"line":35,"column":22},"end":{"line":35,"column":60}},"11":{"start":{"line":36,"column":22},"end":{"line":36,"column":60}},"12":{"start":{"line":37,"column":6},"end":{"line":37,"column":88}},"13":{"start":{"line":38,"column":6},"end":{"line":40,"column":9}},"14":{"start":{"line":41,"column":6},"end":{"line":44,"column":9}},"15":{"start":{"line":48,"column":4},"end":{"line":48,"column":26}},"16":{"start":{"line":49,"column":4},"end":{"line":49,"column":56}},"17":{"start":{"line":52,"column":4},"end":{"line":54,"column":5}},"18":{"start":{"line":53,"column":6},"end":{"line":53,"column":32}},"19":{"start":{"line":57,"column":0},"end":{"line":57,"column":13}},"20":{"start":{"line":59,"column":0},"end":{"line":61,"column":3}},"21":{"start":{"line":62,"column":0},"end":{"line":62,"column":24}},"22":{"start":{"line":63,"column":11},"end":{"line":63,"column":25}},"23":{"start":{"line":64,"column":19},"end":{"line":66,"column":1}},"24":{"start":{"line":67,"column":19},"end":{"line":69,"column":1}},"25":{"start":{"line":70,"column":19},"end":{"line":72,"column":1}},"26":{"start":{"line":73,"column":19},"end":{"line":75,"column":1}},"27":{"start":{"line":76,"column":19},"end":{"line":78,"column":1}},"28":{"start":{"line":79,"column":19},"end":{"line":81,"column":1}},"29":{"start":{"line":82,"column":19},"end":{"line":84,"column":1}},"30":{"start":{"line":85,"column":19},"end":{"line":87,"column":1}},"31":{"start":{"line":88,"column":19},"end":{"line":90,"column":1}},"32":{"start":{"line":91,"column":20},"end":{"line":93,"column":1}},"33":{"start":{"line":94,"column":20},"end":{"line":96,"column":1}},"34":{"start":{"line":97,"column":20},"end":{"line":99,"column":1}},"35":{"start":{"line":101,"column":2},"end":{"line":123,"column":71}},"36":{"start":{"line":124,"column":2},"end":{"line":124,"column":49}}},"fnMap":{"0":{"name":"(anonymous_0)","decl":{"start":{"line":11,"column":2},"end":{"line":11,"column":3}},"loc":{"start":{"line":11,"column":9},"end":{"line":22,"column":3}},"line":11},"1":{"name":"(anonymous_1)","decl":{"start":{"line":24,"column":4},"end":{"line":24,"column":5}},"loc":{"start":{"line":24,"column":25},"end":{"line":26,"column":5}},"line":24},"2":{"name":"(anonymous_2)","decl":{"start":{"line":27,"column":4},"end":{"line":27,"column":5}},"loc":{"start":{"line":27,"column":21},"end":{"line":45,"column":5}},"line":27},"3":{"name":"(anonymous_3)","decl":{"start":{"line":47,"column":2},"end":{"line":47,"column":3}},"loc":{"start":{"line":47,"column":12},"end":{"line":50,"column":3}},"line":47},"4":{"name":"(anonymous_4)","decl":{"start":{"line":51,"column":2},"end":{"line":51,"column":3}},"loc":{"start":{"line":51,"column":18},"end":{"line":55,"column":3}},"line":51},"5":{"name":"render","decl":{"start":{"line":100,"column":9},"end":{"line":100,"column":15}},"loc":{"start":{"line":100,"column":30},"end":{"line":124,"column":1}},"line":100}},"branchMap":{"0":{"loc":{"start":{"line":52,"column":4},"end":{"line":54,"column":5}},"type":"if","locations":[{"start":{"line":52,"column":4},"end":{"line":54,"column":5}},{"start":{},"end":{}}],"line":52},"1":{"loc":{"start":{"line":101,"column":187},"end":{"line":105,"column":85}},"type":"binary-expr","locations":[{"start":{"line":101,"column":187},"end":{"line":101,"column":196}},{"start":{"line":101,"column":201},"end":{"line":105,"column":84}}],"line":101},"2":{"loc":{"start":{"line":105,"column":185},"end":{"line":107,"column":29}},"type":"binary-expr","locations":[{"start":{"line":105,"column":185},"end":{"line":105,"column":194}},{"start":{"line":105,"column":199},"end":{"line":107,"column":28}}],"line":105},"3":{"loc":{"start":{"line":107,"column":317},"end":{"line":111,"column":25}},"type":"binary-expr","locations":[{"start":{"line":107,"column":317},"end":{"line":107,"column":326}},{"start":{"line":107,"column":331},"end":{"line":111,"column":24}}],"line":107},"4":{"loc":{"start":{"line":111,"column":182},"end":{"line":115,"column":61}},"type":"binary-expr","locations":[{"start":{"line":111,"column":182},"end":{"line":111,"column":191}},{"start":{"line":111,"column":196},"end":{"line":115,"column":60}}],"line":111},"5":{"loc":{"start":{"line":115,"column":117},"end":{"line":119,"column":25}},"type":"binary-expr","locations":[{"start":{"line":115,"column":117},"end":{"line":115,"column":126}},{"start":{"line":115,"column":131},"end":{"line":119,"column":24}}],"line":115},"6":{"loc":{"start":{"line":119,"column":186},"end":{"line":123,"column":62}},"type":"binary-expr","locations":[{"start":{"line":119,"column":186},"end":{"line":119,"column":195}},{"start":{"line":119,"column":200},"end":{"line":123,"column":61}}],"line":119}},"s":{"0":1,"1":1,"2":1,"3":7,"4":37,"5":7,"6":7,"7":7,"8":7,"9":7,"10":7,"11":7,"12":7,"13":7,"14":7,"15":7,"16":7,"17":1,"18":1,"19":1,"20":1,"21":1,"22":1,"23":1,"24":1,"25":1,"26":1,"27":1,"28":1,"29":1,"30":1,"31":1,"32":1,"33":1,"34":1,"35":14,"36":1},"f":{"0":7,"1":37,"2":7,"3":7,"4":1,"5":14},"b":{"0":[1,0],"1":[14,7],"2":[14,7],"3":[14,7],"4":[14,7],"5":[14,7],"6":[14,7]},"inputSourceMap":{"0":"{","1":"\"","2":"v","3":"e","4":"r","5":"s","6":"i","7":"o","8":"n","9":"\"","10":":","11":"3","12":",","13":"\"","14":"s","15":"o","16":"u","17":"r","18":"c","19":"e","20":"s","21":"\"","22":":","23":"[","24":"\"","25":"D","26":":","27":"\\","28":"\\","29":"C","30":"o","31":"l","32":"l","33":"e","34":"g","35":"e","36":"\\","37":"\\","38":"S","39":"o","40":"f","41":"t","42":"w","43":"a","44":"r","45":"e","46":" ","47":"t","48":"o","49":"o","50":"l","51":"s","52":"\\","53":"\\","54":"w","55":"e","56":"a","57":"t","58":"h","59":"e","60":"r","61":"-","62":"a","63":"p","64":"p","65":"\\","66":"\\","67":"s","68":"r","69":"c","70":"\\","71":"\\","72":"c","73":"o","74":"m","75":"p","76":"o","77":"n","78":"e","79":"n","80":"t","81":"s","82":"\\","83":"\\","84":"D","85":"a","86":"t","87":"e","88":"T","89":"i","90":"m","91":"e","92":".","93":"v","94":"u","95":"e","96":"\"","97":"]","98":",","99":"\"","100":"n","101":"a","102":"m","103":"e","104":"s","105":"\"","106":":","107":"[","108":"]","109":",","110":"\"","111":"m","112":"a","113":"p","114":"p","115":"i","116":"n","117":"g","118":"s","119":"\"","120":":","121":"\"","122":";","123":";","124":";","125":";","126":";","127":";","128":";","129":"A","130":"A","131":"i","132":"D","133":"A","134":";","135":"A","136":"A","137":"A","138":"A","139":",","140":"i","141":"C","142":"A","143":"C","144":"e","145":";","146":"E","147":"A","148":"C","149":"b","150":",","151":"I","152":"A","153":"A","154":"I","155":",","156":"E","157":"A","158":"A","159":"E","160":",","161":"U","162":"A","163":"A","164":"U","165":";","166":"E","167":"A","168":"C","169":"h","170":"B","171":",","172":"I","173":"A","174":"A","175":"I","176":",","177":"G","178":"A","179":"A","180":"G","181":";","182":"I","183":"A","184":"C","185":"L","186":",","187":"O","188":"A","189":"A","190":"O","191":";","192":"M","193":"A","194":"C","195":"L","196":",","197":"i","198":"B","199":"A","200":"A","201":"i","202":"B","203":",","204":"E","205":"A","206":"A","207":"E","208":",","209":"E","210":"A","211":"A","212":"E","213":";","214":"M","215":"A","216":"C","217":"r","218":"B","219":",","220":"Q","221":"A","222":"A","223":"Q","224":",","225":"E","226":"A","227":"A","228":"E","229":",","230":"E","231":"A","232":"A","233":"E","234":";","235":"M","236":"A","237":"C","238":"Z","239":",","240":"S","241":"A","242":"A","243":"S","244":",","245":"E","246":"A","247":"A","248":"E","249":",","250":"E","251":"A","252":"A","253":"E","254":";","255":"M","256":"A","257":"C","258":"b","259":",","260":"W","261":"A","262":"A","263":"W","264":",","265":"E","266":"A","267":"A","268":"E","269":",","270":"E","271":"A","272":"A","273":"E","274":";","275":"M","276":"A","277":"C","278":"f","279":",","280":"K","281":"A","282":"A","283":"K","284":",","285":"E","286":"A","287":"A","288":"E","289":",","290":"E","291":"A","292":"A","293":"E","294":";","295":"M","296":"A","297":"C","298":"T","299":",","300":"O","301":"A","302":"A","303":"O","304":",","305":"E","306":"A","307":"A","308":"E","309":",","310":"E","311":"A","312":"A","313":"E","314":";","315":"M","316":"A","317":"C","318":"X","319":",","320":"O","321":"A","322":"A","323":"O","324":",","325":"E","326":"A","327":"A","328":"E","329":",","330":"E","331":"A","332":"A","333":"E","334":";","335":"M","336":"A","337":"C","338":"X","339":",","340":"K","341":"A","342":"A","343":"K","344":",","345":"E","346":"A","347":"A","348":"E","349":";","350":"I","351":"A","352":"C","353":"T","354":",","355":"C","356":"A","357":"A","358":"C","359":";","360":"E","361":"A","362":"C","363":"H","364":",","365":"C","366":"A","367":"A","368":"C","369":";","370":"E","371":"A","372":"C","373":"D","374":",","375":"O","376":"A","377":"A","378":"O","379":",","380":"E","381":"A","382":"A","383":"E","384":";","385":"I","386":"A","387":"C","388":"P","389":",","390":"e","391":"A","392":"A","393":"e","394":",","395":"C","396":"A","397":"A","398":"C","399":",","400":"G","401":"A","402":"A","403":"G","404":",","405":"E","406":"A","407":"A","408":"E","409":";","410":"M","411":"A","412":"C","413":"n","414":"B","415":",","416":"O","417":"A","418":"A","419":"O","420":",","421":"G","422":"A","423":"A","424":"G","425":",","426":"C","427":"A","428":"A","429":"C","430":",","431":"Q","432":"A","433":"A","434":"Q","435":",","436":"C","437":"A","438":"A","439":"C","440":",","441":"C","442":"A","443":"A","444":"C","445":",","446":"C","447":"A","448":"A","449":"C","450":",","451":"Q","452":"A","453":"A","454":"Q","455":",","456":"C","457":"A","458":"A","459":"C","460":",","461":"C","462":"A","463":"A","464":"C","465":",","466":"E","467":"A","468":"A","469":"E","470":",","471":"G","472":"A","473":"A","474":"G","475":",","476":"C","477":"A","478":"A","479":"C","480":";","481":"I","482":"A","483":"C","484":"x","485":"C","486":",","487":"C","488":"A","489":"A","490":"C","491":";","492":"I","493":"A","494":"C","495":"D","496":",","497":"c","498":"A","499":"A","500":"c","501":",","502":"G","503":"A","504":"A","505":"G","506":";","507":"M","508":"A","509":"C","510":"f","511":",","512":"M","513":"A","514":"A","515":"M","516":",","517":"G","518":"A","519":"A","520":"G","521":",","522":"G","523":"A","524":"A","525":"G","526":",","527":"I","528":"A","529":"A","530":"I","531":",","532":"I","533":"A","534":"A","535":"I","536":",","537":"C","538":"A","539":"A","540":"C","541":",","542":"C","543":"A","544":"A","545":"C","546":";","547":";","548":"M","549":"A","550":"E","551":"t","552":"B","553":";","554":"M","555":"A","556":"C","557":"A","558":",","559":"M","560":"A","561":"A","562":"M","563":",","564":"I","565":"A","566":"A","567":"I","568":",","569":"G","570":"A","571":"A","572":"G","573":",","574":"G","575":"A","576":"A","577":"G","578":",","579":"C","580":"A","581":"A","582":"C","583":",","584":"W","585":"A","586":"A","587":"W","588":",","589":"C","590":"A","591":"A","592":"C","593":",","594":"C","595":"A","596":"A","597":"C","598":";","599":"M","600":"A","601":"C","602":"9","603":"B","604":",","605":"M","606":"A","607":"A","608":"M","609":",","610":"K","611":"A","612":"A","613":"K","614":",","615":"G","616":"A","617":"A","618":"G","619":",","620":"I","621":"A","622":"A","623":"I","624":",","625":"C","626":"A","627":"A","628":"C","629":",","630":"e","631":"A","632":"A","633":"e","634":",","635":"C","636":"A","637":"A","638":"C","639":",","640":"G","641":"A","642":"A","643":"G","644":",","645":"C","646":"A","647":"A","648":"C","649":",","650":"Q","651":"A","652":"A","653":"Q","654":",","655":"C","656":"A","657":"A","658":"C","659":",","660":"C","661":"A","662":"A","663":"C","664":",","665":"G","666":"A","667":"A","668":"G","669":",","670":"C","671":"A","672":"A","673":"C","674":",","675":"C","676":"A","677":"A","678":"C","679":";","680":"M","681":"A","682":"C","683":"t","684":"D","685":",","686":"M","687":"A","688":"A","689":"M","690":",","691":"G","692":"A","693":"A","694":"G","695":",","696":"G","697":"A","698":"A","699":"G","700":",","701":"I","702":"A","703":"A","704":"I","705":",","706":"C","707":"A","708":"A","709":"C","710":",","711":"e","712":"A","713":"A","714":"e","715":",","716":"C","717":"A","718":"A","719":"C","720":",","721":"G","722":"A","723":"A","724":"G","725":",","726":"C","727":"A","728":"A","729":"C","730":",","731":"O","732":"A","733":"A","734":"O","735":",","736":"C","737":"A","738":"A","739":"C","740":",","741":"C","742":"A","743":"A","744":"C","745":",","746":"C","747":"A","748":"A","749":"C","750":";","751":"M","752":"A","753":"C","754":"/","755":"C","756":",","757":"M","758":"A","759":"A","760":"M","761":",","762":"K","763":"A","764":"A","765":"K","766":",","767":"G","768":"A","769":"A","770":"G","771":",","772":"I","773":"A","774":"A","775":"I","776":",","777":"C","778":"A","779":"A","780":"C","781":",","782":"e","783":"A","784":"A","785":"e","786":",","787":"C","788":"A","789":"A","790":"C","791":",","792":"G","793":"A","794":"A","795":"G","796":",","797":"C","798":"A","799":"A","800":"C","801":",","802":"Q","803":"A","804":"A","805":"Q","806":",","807":"C","808":"A","809":"A","810":"C","811":",","812":"C","813":"A","814":"A","815":"C","816":",","817":"C","818":"A","819":"A","820":"C","821":";","822":"M","823":"A","824":"C","825":"l","826":"D","827":",","828":"M","829":"A","830":"A","831":"M","832":",","833":"O","834":"A","835":"A","836":"O","837":",","838":"G","839":"A","840":"A","841":"G","842":",","843":"I","844":"A","845":"A","846":"I","847":",","848":"C","849":"A","850":"A","851":"C","852":",","853":"e","854":"A","855":"A","856":"e","857":",","858":"C","859":"A","860":"A","861":"C","862":",","863":"G","864":"A","865":"A","866":"G","867":",","868":"C","869":"A","870":"A","871":"C","872":",","873":"U","874":"A","875":"A","876":"U","877":",","878":"C","879":"A","880":"A","881":"C","882":",","883":"C","884":"A","885":"A","886":"C","887":",","888":"C","889":"A","890":"A","891":"C","892":";","893":"M","894":"A","895":"C","896":"t","897":"D","898":",","899":"M","900":"A","901":"A","902":"M","903":",","904":"O","905":"A","906":"A","907":"O","908":",","909":"G","910":"A","911":"A","912":"G","913":",","914":"I","915":"A","916":"A","917":"I","918":",","919":"C","920":"A","921":"A","922":"C","923":",","924":"e","925":"A","926":"A","927":"e","928":",","929":"C","930":"A","931":"A","932":"C","933":",","934":"G","935":"A","936":"A","937":"G","938":",","939":"C","940":"A","941":"A","942":"C","943":",","944":"U","945":"A","946":"A","947":"U","948":",","949":"C","950":"A","951":"A","952":"C","953":",","954":"C","955":"A","956":"A","957":"C","958":",","959":"C","960":"A","961":"A","962":"C","963":";","964":"M","965":"A","966":"E","967":"t","968":"D","969":",","970":"I","971":"A","972":"A","973":"I","974":",","975":"C","976":"A","977":"A","978":"C","979":",","980":"i","981":"B","982":"A","983":"A","984":"i","985":"B","986":",","987":"G","988":"A","989":"A","990":"G","991":",","992":"G","993":"A","994":"A","995":"G","996":",","997":"I","998":"A","999":"A","1000":"I","1001":",","1002":"I","1003":"A","1004":"A","1005":"I","1006":",","1007":"K","1008":"A","1009":"A","1010":"K","1011":",","1012":"I","1013":"A","1014":"A","1015":"I","1016":",","1017":"G","1018":"A","1019":"A","1020":"G","1021":",","1022":"I","1023":"A","1024":"A","1025":"I","1026":",","1027":"K","1028":"A","1029":"A","1030":"K","1031":",","1032":"I","1033":"A","1034":"A","1035":"I","1036":",","1037":"O","1038":"A","1039":"A","1040":"O","1041":",","1042":"I","1043":"A","1044":"A","1045":"I","1046":",","1047":"O","1048":"A","1049":"A","1050":"O","1051":",","1052":"E","1053":"A","1054":"A","1055":"E","1056":";","1057":"M","1058":"A","1059":"E","1060":"j","1061":"F","1062":",","1063":"I","1064":"A","1065":"A","1066":"I","1067":",","1068":"C","1069":"A","1070":"A","1071":"C","1072":",","1073":"S","1074":"A","1075":"A","1076":"S","1077":",","1078":"G","1079":"A","1080":"A","1081":"G","1082":",","1083":"G","1084":"A","1085":"A","1086":"G","1087":",","1088":"C","1089":"A","1090":"A","1091":"C","1092":",","1093":"k","1094":"B","1095":"A","1096":"A","1097":"k","1098":"B","1099":",","1100":"C","1101":"A","1102":"A","1103":"C","1104":",","1105":"O","1106":"A","1107":"A","1108":"O","1109":",","1110":"E","1111":"A","1112":"A","1113":"E","1114":";","1115":"Q","1116":"A","1117":"A","1118":"E","1119":",","1120":"O","1121":"A","1122":"A","1123":"O","1124":",","1125":"E","1126":"A","1127":"A","1128":"E","1129":";","1130":"M","1131":"A","1132":"A","1133":"O","1134":",","1135":"C","1136":"A","1137":"A","1138":"C","1139":",","1140":"C","1141":"A","1142":"A","1143":"C","1144":";","1145":"M","1146":"A","1147":"E","1148":"r","1149":"E","1150":",","1151":"I","1152":"A","1153":"A","1154":"I","1155":",","1156":"C","1157":"A","1158":"A","1159":"C","1160":",","1161":"W","1162":"A","1163":"A","1164":"W","1165":",","1166":"G","1167":"A","1168":"A","1169":"G","1170":",","1171":"G","1172":"A","1173":"A","1174":"G","1175":",","1176":"C","1177":"A","1178":"A","1179":"C","1180":",","1181":"k","1182":"B","1183":"A","1184":"A","1185":"k","1186":"B","1187":",","1188":"C","1189":"A","1190":"A","1191":"C","1192":",","1193":"O","1194":"A","1195":"A","1196":"O","1197":",","1198":"E","1199":"A","1200":"A","1201":"E","1202":";","1203":"Q","1204":"A","1205":"C","1206":"j","1207":"D","1208":",","1209":"K","1210":"A","1211":"A","1212":"K","1213":",","1214":"E","1215":"A","1216":"A","1217":"E","1218":",","1219":"M","1220":"A","1221":"A","1222":"M","1223":";","1224":"Q","1225":"A","1226":"C","1227":"b","1228":",","1229":"G","1230":"A","1231":"A","1232":"G","1233":",","1234":"E","1235":"A","1236":"A","1237":"E","1238":";","1239":"M","1240":"A","1241":"C","1242":"P","1243":",","1244":"C","1245":"A","1246":"A","1247":"C","1248":",","1249":"C","1250":"A","1251":"A","1252":"C","1253":";","1254":"I","1255":"A","1256":"C","1257":"J","1258":";","1259":"E","1260":"A","1261":"C","1262":"F","1263":",","1264":"C","1265":"A","1266":"A","1267":"C","1268":";","1269":"E","1270":"A","1271":"C","1272":"D","1273":",","1274":"O","1275":"A","1276":"A","1277":"O","1278":",","1279":"G","1280":"A","1281":"A","1282":"G","1283":";","1284":"I","1285":"A","1286":"C","1287":"R","1288":",","1289":"I","1290":"A","1291":"A","1292":"I","1293":",","1294":"C","1295":"A","1296":"A","1297":"C","1298":",","1299":"c","1300":"A","1301":"A","1302":"c","1303":",","1304":"C","1305":"A","1306":"A","1307":"C","1308":",","1309":"C","1310":"A","1311":"A","1312":"C","1313":";","1314":"I","1315":"A","1316":"C","1317":"r","1318":"B","1319":",","1320":"I","1321":"A","1322":"A","1323":"I","1324":",","1325":"C","1326":"A","1327":"A","1328":"C","1329":",","1330":"K","1331":"A","1332":"A","1333":"K","1334":",","1335":"G","1336":"A","1337":"A","1338":"G","1339":",","1340":"W","1341":"A","1342":"A","1343":"W","1344":",","1345":"C","1346":"A","1347":"A","1348":"C","1349":",","1350":"I","1351":"A","1352":"A","1353":"I","1354":",","1355":"C","1356":"A","1357":"A","1358":"C","1359":",","1360":"c","1361":"A","1362":"A","1363":"c","1364":",","1365":"E","1366":"A","1367":"A","1368":"E","1369":",","1370":"I","1371":"A","1372":"A","1373":"I","1374":",","1375":"C","1376":"A","1377":"A","1378":"C","1379":";","1380":"E","1381":"A","1382":"C","1383":"r","1384":"D","1385":",","1386":"C","1387":"A","1388":"A","1389":"C","1390":";","1391":"E","1392":"A","1393":"C","1394":"D","1395":",","1396":"a","1397":"A","1398":"A","1399":"a","1400":",","1401":"G","1402":"A","1403":"A","1404":"G","1405":";","1406":"I","1407":"A","1408":"C","1409":"d","1410":",","1411":"I","1412":"A","1413":"A","1414":"I","1415":",","1416":"I","1417":"A","1418":"A","1419":"I","1420":",","1421":"C","1422":"A","1423":"A","1424":"C","1425":",","1426":"K","1427":"A","1428":"A","1429":"K","1430":",","1431":"E","1432":"A","1433":"A","1434":"E","1435":";","1436":"M","1437":"A","1438":"C","1439":"d","1440":",","1441":"a","1442":"A","1443":"A","1444":"a","1445":",","1446":"C","1447":"A","1448":"A","1449":"C","1450":",","1451":"I","1452":"A","1453":"A","1454":"I","1455":",","1456":"C","1457":"A","1458":"A","1459":"C","1460":",","1461":"K","1462":"A","1463":"A","1464":"K","1465":",","1466":"C","1467":"A","1468":"A","1469":"C","1470":";","1471":"I","1472":"A","1473":"C","1474":"3","1475":"B","1476":";","1477":"E","1478":"A","1479":"C","1480":"F","1481":";","1482":"A","1483":"A","1484":"C","1485":"F","1486":",","1487":"C","1488":"A","1489":"A","1490":"C","1491":"\"","1492":",","1493":"\"","1494":"f","1495":"i","1496":"l","1497":"e","1498":"\"","1499":":","1500":"\"","1501":"D","1502":":","1503":"\\","1504":"\\","1505":"C","1506":"o","1507":"l","1508":"l","1509":"e","1510":"g","1511":"e","1512":"\\","1513":"\\","1514":"S","1515":"o","1516":"f","1517":"t","1518":"w","1519":"a","1520":"r","1521":"e","1522":" ","1523":"t","1524":"o","1525":"o","1526":"l","1527":"s","1528":"\\","1529":"\\","1530":"w","1531":"e","1532":"a","1533":"t","1534":"h","1535":"e","1536":"r","1537":"-","1538":"a","1539":"p","1540":"p","1541":"\\","1542":"\\","1543":"s","1544":"r","1545":"c","1546":"\\","1547":"\\","1548":"c","1549":"o","1550":"m","1551":"p","1552":"o","1553":"n","1554":"e","1555":"n","1556":"t","1557":"s","1558":"\\","1559":"\\","1560":"D","1561":"a","1562":"t","1563":"e","1564":"T","1565":"i","1566":"m","1567":"e","1568":".","1569":"v","1570":"u","1571":"e","1572":"\"","1573":",","1574":"\"","1575":"s","1576":"o","1577":"u","1578":"r","1579":"c","1580":"e","1581":"s","1582":"C","1583":"o","1584":"n","1585":"t","1586":"e","1587":"n","1588":"t","1589":"\"","1590":":","1591":"[","1592":"\"","1593":"<","1594":"!","1595":"-","1596":"-","1597":" ","1598":"D","1599":"a","1600":"t","1601":"e","1602":"T","1603":"i","1604":"m","1605":"e","1606":".","1607":"v","1608":"u","1609":"e","1610":" ","1611":"-","1612":"-","1613":">","1614":"\\","1615":"r","1616":"\\","1617":"n","1618":"<","1619":"t","1620":"e","1621":"m","1622":"p","1623":"l","1624":"a","1625":"t","1626":"e","1627":">","1628":"\\","1629":"r","1630":"\\","1631":"n","1632":" ","1633":" ","1634":"<","1635":"d","1636":"i","1637":"v","1638":" ","1639":"c","1640":"l","1641":"a","1642":"s","1643":"s","1644":"=","1645":"\\","1646":"\"","1647":"d","1648":"a","1649":"t","1650":"e","1651":"t","1652":"i","1653":"m","1654":"e","1655":"-","1656":"w","1657":"i","1658":"d","1659":"g","1660":"e","1661":"t","1662":"\\","1663":"\"","1664":">","1665":"\\","1666":"r","1667":"\\","1668":"n","1669":" ","1670":" ","1671":" ","1672":" ","1673":"<","1674":"!","1675":"-","1676":"-","1677":" ","1678":"M","1679":"a","1680":"i","1681":"n","1682":" ","1683":"D","1684":"a","1685":"t","1686":"e","1687":"T","1688":"i","1689":"m","1690":"e","1691":" ","1692":"D","1693":"i","1694":"s","1695":"p","1696":"l","1697":"a","1698":"y","1699":" ","1700":"-","1701":"-","1702":">","1703":"\\","1704":"r","1705":"\\","1706":"n","1707":" ","1708":" ","1709":" ","1710":" ","1711":"<","1712":"d","1713":"i","1714":"v","1715":" ","1716":"c","1717":"l","1718":"a","1719":"s","1720":"s","1721":"=","1722":"\\","1723":"\"","1724":"m","1725":"a","1726":"i","1727":"n","1728":"-","1729":"d","1730":"i","1731":"s","1732":"p","1733":"l","1734":"a","1735":"y","1736":"\\","1737":"\"","1738":">","1739":"\\","1740":"r","1741":"\\","1742":"n","1743":" ","1744":" ","1745":" ","1746":" ","1747":" ","1748":" ","1749":"<","1750":"d","1751":"i","1752":"v","1753":" ","1754":"c","1755":"l","1756":"a","1757":"s","1758":"s","1759":"=","1760":"\\","1761":"\"","1762":"c","1763":"l","1764":"o","1765":"c","1766":"k","1767":"-","1768":"h","1769":"e","1770":"a","1771":"d","1772":"e","1773":"r","1774":"\\","1775":"\"","1776":">","1777":"\\","1778":"r","1779":"\\","1780":"n","1781":" ","1782":" ","1783":" ","1784":" ","1785":" ","1786":" ","1787":" ","1788":" ","1789":"<","1790":"i","1791":" ","1792":"c","1793":"l","1794":"a","1795":"s","1796":"s","1797":"=","1798":"\\","1799":"\"","1800":"f","1801":"a","1802":"s","1803":" ","1804":"f","1805":"a","1806":"-","1807":"c","1808":"l","1809":"o","1810":"c","1811":"k","1812":" ","1813":"p","1814":"u","1815":"l","1816":"s","1817":"e","1818":"\\","1819":"\"","1820":">","1821":"<","1822":"/","1823":"i","1824":">","1825":"\\","1826":"r","1827":"\\","1828":"n","1829":" ","1830":" ","1831":" ","1832":" ","1833":" ","1834":" ","1835":" ","1836":" ","1837":"<","1838":"s","1839":"p","1840":"a","1841":"n","1842":">","1843":"C","1844":"u","1845":"r","1846":"r","1847":"e","1848":"n","1849":"t","1850":" ","1851":"T","1852":"i","1853":"m","1854":"e","1855":"<","1856":"/","1857":"s","1858":"p","1859":"a","1860":"n","1861":">","1862":"\\","1863":"r","1864":"\\","1865":"n","1866":" ","1867":" ","1868":" ","1869":" ","1870":" ","1871":" ","1872":"<","1873":"/","1874":"d","1875":"i","1876":"v","1877":">","1878":"\\","1879":"r","1880":"\\","1881":"n","1882":" ","1883":" ","1884":" ","1885":" ","1886":" ","1887":" ","1888":"<","1889":"d","1890":"i","1891":"v","1892":" ","1893":"c","1894":"l","1895":"a","1896":"s","1897":"s","1898":"=","1899":"\\","1900":"\"","1901":"d","1902":"i","1903":"g","1904":"i","1905":"t","1906":"a","1907":"l","1908":"-","1909":"c","1910":"l","1911":"o","1912":"c","1913":"k","1914":"\\","1915":"\"","1916":">","1917":"\\","1918":"r","1919":"\\","1920":"n","1921":" ","1922":" ","1923":" ","1924":" ","1925":" ","1926":" ","1927":" ","1928":" ","1929":"<","1930":"d","1931":"i","1932":"v","1933":" ","1934":"c","1935":"l","1936":"a","1937":"s","1938":"s","1939":"=","1940":"\\","1941":"\"","1942":"t","1943":"i","1944":"m","1945":"e","1946":"-","1947":"w","1948":"r","1949":"a","1950":"p","1951":"p","1952":"e","1953":"r","1954":"\\","1955":"\"","1956":">","1957":"\\","1958":"r","1959":"\\","1960":"n","1961":" ","1962":" ","1963":" ","1964":" ","1965":" ","1966":" ","1967":" ","1968":" ","1969":" ","1970":" ","1971":"<","1972":"i","1973":" ","1974":"c","1975":"l","1976":"a","1977":"s","1978":"s","1979":"=","1980":"\\","1981":"\"","1982":"f","1983":"a","1984":"s","1985":" ","1986":"f","1987":"a","1988":"-","1989":"g","1990":"l","1991":"o","1992":"b","1993":"e","1994":" ","1995":"g","1996":"l","1997":"o","1998":"w","1999":"\\","2000":"\"","2001":">","2002":"<","2003":"/","2004":"i","2005":">","2006":"\\","2007":"r","2008":"\\","2009":"n","2010":" ","2011":" ","2012":" ","2013":" ","2014":" ","2015":" ","2016":" ","2017":" ","2018":" ","2019":" ","2020":"<","2021":"d","2022":"i","2023":"v","2024":" ","2025":"c","2026":"l","2027":"a","2028":"s","2029":"s","2030":"=","2031":"\\","2032":"\"","2033":"f","2034":"o","2035":"r","2036":"m","2037":"a","2038":"t","2039":"t","2040":"e","2041":"d","2042":"-","2043":"t","2044":"i","2045":"m","2046":"e","2047":"\\","2048":"\"","2049":">","2050":"{","2051":"{","2052":" ","2053":"f","2054":"o","2055":"r","2056":"m","2057":"a","2058":"t","2059":"t","2060":"e","2061":"d","2062":"D","2063":"a","2064":"t","2065":"e","2066":"T","2067":"i","2068":"m","2069":"e","2070":" ","2071":"}","2072":"}","2073":"<","2074":"/","2075":"d","2076":"i","2077":"v","2078":">","2079":"\\","2080":"r","2081":"\\","2082":"n","2083":" ","2084":" ","2085":" ","2086":" ","2087":" ","2088":" ","2089":" ","2090":" ","2091":"<","2092":"/","2093":"d","2094":"i","2095":"v","2096":">","2097":"\\","2098":"r","2099":"\\","2100":"n","2101":" ","2102":" ","2103":" ","2104":" ","2105":" ","2106":" ","2107":"<","2108":"/","2109":"d","2110":"i","2111":"v","2112":">","2113":"\\","2114":"r","2115":"\\","2116":"n","2117":" ","2118":" ","2119":" ","2120":" ","2121":"<","2122":"/","2123":"d","2124":"i","2125":"v","2126":">","2127":"\\","2128":"r","2129":"\\","2130":"n","2131":"\\","2132":"r","2133":"\\","2134":"n","2135":" ","2136":" ","2137":" ","2138":" ","2139":"<","2140":"!","2141":"-","2142":"-","2143":" ","2144":"D","2145":"a","2146":"t","2147":"e","2148":" ","2149":"D","2150":"e","2151":"t","2152":"a","2153":"i","2154":"l","2155":"s","2156":" ","2157":"w","2158":"i","2159":"t","2160":"h","2161":" ","2162":"E","2163":"n","2164":"h","2165":"a","2166":"n","2167":"c","2168":"e","2169":"d","2170":" ","2171":"I","2172":"c","2173":"o","2174":"n","2175":"s","2176":" ","2177":"-","2178":"-","2179":">","2180":"\\","2181":"r","2182":"\\","2183":"n","2184":" ","2185":" ","2186":" ","2187":" ","2188":"<","2189":"d","2190":"i","2191":"v","2192":" ","2193":"c","2194":"l","2195":"a","2196":"s","2197":"s","2198":"=","2199":"\\","2200":"\"","2201":"d","2202":"a","2203":"t","2204":"e","2205":"-","2206":"d","2207":"e","2208":"t","2209":"a","2210":"i","2211":"l","2212":"s","2213":"\\","2214":"\"","2215":">","2216":"\\","2217":"r","2218":"\\","2219":"n","2220":" ","2221":" ","2222":" ","2223":" ","2224":" ","2225":" ","2226":"<","2227":"d","2228":"i","2229":"v","2230":" ","2231":"c","2232":"l","2233":"a","2234":"s","2235":"s","2236":"=","2237":"\\","2238":"\"","2239":"d","2240":"e","2241":"t","2242":"a","2243":"i","2244":"l","2245":"-","2246":"i","2247":"t","2248":"e","2249":"m","2250":"\\","2251":"\"","2252":">","2253":"\\","2254":"r","2255":"\\","2256":"n","2257":" ","2258":" ","2259":" ","2260":" ","2261":" ","2262":" ","2263":" ","2264":" ","2265":"<","2266":"d","2267":"i","2268":"v","2269":" ","2270":"c","2271":"l","2272":"a","2273":"s","2274":"s","2275":"=","2276":"\\","2277":"\"","2278":"i","2279":"c","2280":"o","2281":"n","2282":"-","2283":"w","2284":"r","2285":"a","2286":"p","2287":"p","2288":"e","2289":"r","2290":"\\","2291":"\"","2292":">","2293":"\\","2294":"r","2295":"\\","2296":"n","2297":" ","2298":" ","2299":" ","2300":" ","2301":" ","2302":" ","2303":" ","2304":" ","2305":" ","2306":" ","2307":"<","2308":"i","2309":" ","2310":"c","2311":"l","2312":"a","2313":"s","2314":"s","2315":"=","2316":"\\","2317":"\"","2318":"f","2319":"a","2320":"s","2321":" ","2322":"f","2323":"a","2324":"-","2325":"c","2326":"a","2327":"l","2328":"e","2329":"n","2330":"d","2331":"a","2332":"r","2333":"-","2334":"d","2335":"a","2336":"y","2337":" ","2338":"r","2339":"o","2340":"t","2341":"a","2342":"t","2343":"e","2344":"-","2345":"i","2346":"c","2347":"o","2348":"n","2349":"\\","2350":"\"","2351":">","2352":"<","2353":"/","2354":"i","2355":">","2356":"\\","2357":"r","2358":"\\","2359":"n","2360":" ","2361":" ","2362":" ","2363":" ","2364":" ","2365":" ","2366":" ","2367":" ","2368":"<","2369":"/","2370":"d","2371":"i","2372":"v","2373":">","2374":"\\","2375":"r","2376":"\\","2377":"n","2378":" ","2379":" ","2380":" ","2381":" ","2382":" ","2383":" ","2384":" ","2385":" ","2386":"<","2387":"d","2388":"i","2389":"v","2390":" ","2391":"c","2392":"l","2393":"a","2394":"s","2395":"s","2396":"=","2397":"\\","2398":"\"","2399":"d","2400":"e","2401":"t","2402":"a","2403":"i","2404":"l","2405":"-","2406":"c","2407":"o","2408":"n","2409":"t","2410":"e","2411":"n","2412":"t","2413":"\\","2414":"\"","2415":">","2416":"\\","2417":"r","2418":"\\","2419":"n","2420":" ","2421":" ","2422":" ","2423":" ","2424":" ","2425":" ","2426":" ","2427":" ","2428":" ","2429":" ","2430":"<","2431":"d","2432":"i","2433":"v","2434":" ","2435":"c","2436":"l","2437":"a","2438":"s","2439":"s","2440":"=","2441":"\\","2442":"\"","2443":"d","2444":"e","2445":"t","2446":"a","2447":"i","2448":"l","2449":"-","2450":"v","2451":"a","2452":"l","2453":"u","2454":"e","2455":" ","2456":"s","2457":"l","2458":"i","2459":"d","2460":"e","2461":"-","2462":"i","2463":"n","2464":"\\","2465":"\"","2466":">","2467":"{","2468":"{","2469":" ","2470":"d","2471":"a","2472":"y","2473":"O","2474":"f","2475":"W","2476":"e","2477":"e","2478":"k","2479":" ","2480":"}","2481":"}","2482":"<","2483":"/","2484":"d","2485":"i","2486":"v","2487":">","2488":"\\","2489":"r","2490":"\\","2491":"n","2492":" ","2493":" ","2494":" ","2495":" ","2496":" ","2497":" ","2498":" ","2499":" ","2500":" ","2501":" ","2502":"<","2503":"d","2504":"i","2505":"v","2506":" ","2507":"c","2508":"l","2509":"a","2510":"s","2511":"s","2512":"=","2513":"\\","2514":"\"","2515":"d","2516":"e","2517":"t","2518":"a","2519":"i","2520":"l","2521":"-","2522":"l","2523":"a","2524":"b","2525":"e","2526":"l","2527":"\\","2528":"\"","2529":">","2530":"\\","2531":"r","2532":"\\","2533":"n","2534":" ","2535":" ","2536":" ","2537":" ","2538":" ","2539":" ","2540":" ","2541":" ","2542":" ","2543":" ","2544":" ","2545":" ","2546":"<","2547":"i","2548":" ","2549":"c","2550":"l","2551":"a","2552":"s","2553":"s","2554":"=","2555":"\\","2556":"\"","2557":"f","2558":"a","2559":"s","2560":" ","2561":"f","2562":"a","2563":"-","2564":"s","2565":"u","2566":"n","2567":" ","2568":"b","2569":"o","2570":"u","2571":"n","2572":"c","2573":"e","2574":"\\","2575":"\"","2576":">","2577":"<","2578":"/","2579":"i","2580":">","2581":"\\","2582":"r","2583":"\\","2584":"n","2585":" ","2586":" ","2587":" ","2588":" ","2589":" ","2590":" ","2591":" ","2592":" ","2593":" ","2594":" ","2595":" ","2596":" ","2597":"D","2598":"a","2599":"y","2600":"\\","2601":"r","2602":"\\","2603":"n","2604":" ","2605":" ","2606":" ","2607":" ","2608":" ","2609":" ","2610":" ","2611":" ","2612":" ","2613":" ","2614":"<","2615":"/","2616":"d","2617":"i","2618":"v","2619":">","2620":"\\","2621":"r","2622":"\\","2623":"n","2624":" ","2625":" ","2626":" ","2627":" ","2628":" ","2629":" ","2630":" ","2631":" ","2632":"<","2633":"/","2634":"d","2635":"i","2636":"v","2637":">","2638":"\\","2639":"r","2640":"\\","2641":"n","2642":" ","2643":" ","2644":" ","2645":" ","2646":" ","2647":" ","2648":"<","2649":"/","2650":"d","2651":"i","2652":"v","2653":">","2654":"\\","2655":"r","2656":"\\","2657":"n","2658":"\\","2659":"r","2660":"\\","2661":"n","2662":" ","2663":" ","2664":" ","2665":" ","2666":" ","2667":" ","2668":"<","2669":"d","2670":"i","2671":"v","2672":" ","2673":"c","2674":"l","2675":"a","2676":"s","2677":"s","2678":"=","2679":"\\","2680":"\"","2681":"d","2682":"e","2683":"t","2684":"a","2685":"i","2686":"l","2687":"-","2688":"i","2689":"t","2690":"e","2691":"m","2692":"\\","2693":"\"","2694":">","2695":"\\","2696":"r","2697":"\\","2698":"n","2699":" ","2700":" ","2701":" ","2702":" ","2703":" ","2704":" ","2705":" ","2706":" ","2707":"<","2708":"d","2709":"i","2710":"v","2711":" ","2712":"c","2713":"l","2714":"a","2715":"s","2716":"s","2717":"=","2718":"\\","2719":"\"","2720":"i","2721":"c","2722":"o","2723":"n","2724":"-","2725":"w","2726":"r","2727":"a","2728":"p","2729":"p","2730":"e","2731":"r","2732":"\\","2733":"\"","2734":">","2735":"\\","2736":"r","2737":"\\","2738":"n","2739":" ","2740":" ","2741":" ","2742":" ","2743":" ","2744":" ","2745":" ","2746":" ","2747":" ","2748":" ","2749":"<","2750":"i","2751":" ","2752":"c","2753":"l","2754":"a","2755":"s","2756":"s","2757":"=","2758":"\\","2759":"\"","2760":"f","2761":"a","2762":"s","2763":" ","2764":"f","2765":"a","2766":"-","2767":"c","2768":"a","2769":"l","2770":"e","2771":"n","2772":"d","2773":"a","2774":"r","2775":"-","2776":"a","2777":"l","2778":"t","2779":" ","2780":"r","2781":"o","2782":"t","2783":"a","2784":"t","2785":"e","2786":"-","2787":"i","2788":"c","2789":"o","2790":"n","2791":"\\","2792":"\"","2793":">","2794":"<","2795":"/","2796":"i","2797":">","2798":"\\","2799":"r","2800":"\\","2801":"n","2802":" ","2803":" ","2804":" ","2805":" ","2806":" ","2807":" ","2808":" ","2809":" ","2810":"<","2811":"/","2812":"d","2813":"i","2814":"v","2815":">","2816":"\\","2817":"r","2818":"\\","2819":"n","2820":" ","2821":" ","2822":" ","2823":" ","2824":" ","2825":" ","2826":" ","2827":" ","2828":"<","2829":"d","2830":"i","2831":"v","2832":" ","2833":"c","2834":"l","2835":"a","2836":"s","2837":"s","2838":"=","2839":"\\","2840":"\"","2841":"d","2842":"e","2843":"t","2844":"a","2845":"i","2846":"l","2847":"-","2848":"c","2849":"o","2850":"n","2851":"t","2852":"e","2853":"n","2854":"t","2855":"\\","2856":"\"","2857":">","2858":"\\","2859":"r","2860":"\\","2861":"n","2862":" ","2863":" ","2864":" ","2865":" ","2866":" ","2867":" ","2868":" ","2869":" ","2870":" ","2871":" ","2872":"<","2873":"d","2874":"i","2875":"v","2876":" ","2877":"c","2878":"l","2879":"a","2880":"s","2881":"s","2882":"=","2883":"\\","2884":"\"","2885":"d","2886":"e","2887":"t","2888":"a","2889":"i","2890":"l","2891":"-","2892":"v","2893":"a","2894":"l","2895":"u","2896":"e","2897":" ","2898":"s","2899":"l","2900":"i","2901":"d","2902":"e","2903":"-","2904":"i","2905":"n","2906":"\\","2907":"\"","2908":">","2909":"{","2910":"{","2911":" ","2912":"d","2913":"a","2914":"y","2915":"A","2916":"n","2917":"d","2918":"M","2919":"o","2920":"n","2921":"t","2922":"h","2923":" ","2924":"}","2925":"}","2926":"<","2927":"/","2928":"d","2929":"i","2930":"v","2931":">","2932":"\\","2933":"r","2934":"\\","2935":"n","2936":" ","2937":" ","2938":" ","2939":" ","2940":" ","2941":" ","2942":" ","2943":" ","2944":" ","2945":" ","2946":"<","2947":"d","2948":"i","2949":"v","2950":" ","2951":"c","2952":"l","2953":"a","2954":"s","2955":"s","2956":"=","2957":"\\","2958":"\"","2959":"d","2960":"e","2961":"t","2962":"a","2963":"i","2964":"l","2965":"-","2966":"l","2967":"a","2968":"b","2969":"e","2970":"l","2971":"\\","2972":"\"","2973":">","2974":"\\","2975":"r","2976":"\\","2977":"n","2978":" ","2979":" ","2980":" ","2981":" ","2982":" ","2983":" ","2984":" ","2985":" ","2986":" ","2987":" ","2988":" ","2989":" ","2990":"<","2991":"i","2992":" ","2993":"c","2994":"l","2995":"a","2996":"s","2997":"s","2998":"=","2999":"\\","3000":"\"","3001":"f","3002":"a","3003":"s","3004":" ","3005":"f","3006":"a","3007":"-","3008":"m","3009":"o","3010":"o","3011":"n","3012":" ","3013":"b","3014":"o","3015":"u","3016":"n","3017":"c","3018":"e","3019":"\\","3020":"\"","3021":">","3022":"<","3023":"/","3024":"i","3025":">","3026":"\\","3027":"r","3028":"\\","3029":"n","3030":" ","3031":" ","3032":" ","3033":" ","3034":" ","3035":" ","3036":" ","3037":" ","3038":" ","3039":" ","3040":" ","3041":" ","3042":"D","3043":"a","3044":"t","3045":"e","3046":"\\","3047":"r","3048":"\\","3049":"n","3050":" ","3051":" ","3052":" ","3053":" ","3054":" ","3055":" ","3056":" ","3057":" ","3058":" ","3059":" ","3060":"<","3061":"/","3062":"d","3063":"i","3064":"v","3065":">","3066":"\\","3067":"r","3068":"\\","3069":"n","3070":" ","3071":" ","3072":" ","3073":" ","3074":" ","3075":" ","3076":" ","3077":" ","3078":"<","3079":"/","3080":"d","3081":"i","3082":"v","3083":">","3084":"\\","3085":"r","3086":"\\","3087":"n","3088":" ","3089":" ","3090":" ","3091":" ","3092":" ","3093":" ","3094":"<","3095":"/","3096":"d","3097":"i","3098":"v","3099":">","3100":"\\","3101":"r","3102":"\\","3103":"n","3104":" ","3105":" ","3106":" ","3107":" ","3108":"<","3109":"/","3110":"d","3111":"i","3112":"v","3113":">","3114":"\\","3115":"r","3116":"\\","3117":"n","3118":" ","3119":" ","3120":"<","3121":"/","3122":"d","3123":"i","3124":"v","3125":">","3126":"\\","3127":"r","3128":"\\","3129":"n","3130":"<","3131":"/","3132":"t","3133":"e","3134":"m","3135":"p","3136":"l","3137":"a","3138":"t","3139":"e","3140":">","3141":"\\","3142":"r","3143":"\\","3144":"n","3145":"\\","3146":"r","3147":"\\","3148":"n","3149":"<","3150":"s","3151":"c","3152":"r","3153":"i","3154":"p","3155":"t","3156":">","3157":"\\","3158":"r","3159":"\\","3160":"n","3161":"/","3162":"/","3163":" ","3164":"S","3165":"c","3166":"r","3167":"i","3168":"p","3169":"t","3170":" ","3171":"r","3172":"e","3173":"m","3174":"a","3175":"i","3176":"n","3177":"s","3178":" ","3179":"t","3180":"h","3181":"e","3182":" ","3183":"s","3184":"a","3185":"m","3186":"e","3187":" ","3188":"a","3189":"s","3190":" ","3191":"i","3192":"n","3193":" ","3194":"y","3195":"o","3196":"u","3197":"r","3198":" ","3199":"c","3200":"o","3201":"d","3202":"e","3203":"\\","3204":"r","3205":"\\","3206":"n","3207":"e","3208":"x","3209":"p","3210":"o","3211":"r","3212":"t","3213":" ","3214":"d","3215":"e","3216":"f","3217":"a","3218":"u","3219":"l","3220":"t","3221":" ","3222":"{","3223":"\\","3224":"r","3225":"\\","3226":"n","3227":" ","3228":" ","3229":"n","3230":"a","3231":"m","3232":"e","3233":":","3234":" ","3235":"'","3236":"D","3237":"a","3238":"t","3239":"e","3240":"T","3241":"i","3242":"m","3243":"e","3244":"'","3245":",","3246":"\\","3247":"r","3248":"\\","3249":"n","3250":" ","3251":" ","3252":"d","3253":"a","3254":"t","3255":"a","3256":"(","3257":")","3258":" ","3259":"{","3260":"\\","3261":"r","3262":"\\","3263":"n","3264":" ","3265":" ","3266":" ","3267":" ","3268":"r","3269":"e","3270":"t","3271":"u","3272":"r","3273":"n","3274":" ","3275":"{","3276":"\\","3277":"r","3278":"\\","3279":"n","3280":" ","3281":" ","3282":" ","3283":" ","3284":" ","3285":" ","3286":"f","3287":"o","3288":"r","3289":"m","3290":"a","3291":"t","3292":"t","3293":"e","3294":"d","3295":"D","3296":"a","3297":"t","3298":"e","3299":"T","3300":"i","3301":"m","3302":"e","3303":":","3304":" ","3305":"'","3306":"'","3307":",","3308":"\\","3309":"r","3310":"\\","3311":"n","3312":" ","3313":" ","3314":" ","3315":" ","3316":" ","3317":" ","3318":"f","3319":"u","3320":"l","3321":"l","3322":"D","3323":"a","3324":"t","3325":"e","3326":":","3327":" ","3328":"'","3329":"'","3330":",","3331":"\\","3332":"r","3333":"\\","3334":"n","3335":" ","3336":" ","3337":" ","3338":" ","3339":" ","3340":" ","3341":"d","3342":"a","3343":"y","3344":"O","3345":"f","3346":"W","3347":"e","3348":"e","3349":"k","3350":":","3351":" ","3352":"'","3353":"'","3354":",","3355":"\\","3356":"r","3357":"\\","3358":"n","3359":" ","3360":" ","3361":" ","3362":" ","3363":" ","3364":" ","3365":"d","3366":"a","3367":"y","3368":"A","3369":"n","3370":"d","3371":"M","3372":"o","3373":"n","3374":"t","3375":"h","3376":":","3377":" ","3378":"'","3379":"'","3380":",","3381":"\\","3382":"r","3383":"\\","3384":"n","3385":" ","3386":" ","3387":" ","3388":" ","3389":" ","3390":" ","3391":"h","3392":"o","3393":"u","3394":"r","3395":"s","3396":":","3397":" ","3398":"'","3399":"'","3400":",","3401":"\\","3402":"r","3403":"\\","3404":"n","3405":" ","3406":" ","3407":" ","3408":" ","3409":" ","3410":" ","3411":"m","3412":"i","3413":"n","3414":"u","3415":"t","3416":"e","3417":"s","3418":":","3419":" ","3420":"'","3421":"'","3422":",","3423":"\\","3424":"r","3425":"\\","3426":"n","3427":" ","3428":" ","3429":" ","3430":" ","3431":" ","3432":" ","3433":"s","3434":"e","3435":"c","3436":"o","3437":"n","3438":"d","3439":"s","3440":":","3441":" ","3442":"'","3443":"'","3444":",","3445":"\\","3446":"r","3447":"\\","3448":"n","3449":" ","3450":" ","3451":" ","3452":" ","3453":" ","3454":" ","3455":"t","3456":"i","3457":"m","3458":"e","3459":"r","3460":":","3461":" ","3462":"n","3463":"u","3464":"l","3465":"l","3466":"\\","3467":"r","3468":"\\","3469":"n","3470":" ","3471":" ","3472":" ","3473":" ","3474":"}","3475":"\\","3476":"r","3477":"\\","3478":"n","3479":" ","3480":" ","3481":"}","3482":",","3483":"\\","3484":"r","3485":"\\","3486":"n","3487":" ","3488":" ","3489":"m","3490":"e","3491":"t","3492":"h","3493":"o","3494":"d","3495":"s","3496":":","3497":" ","3498":"{","3499":"\\","3500":"r","3501":"\\","3502":"n","3503":" ","3504":" ","3505":" ","3506":" ","3507":"f","3508":"o","3509":"r","3510":"m","3511":"a","3512":"t","3513":"T","3514":"w","3515":"o","3516":"D","3517":"i","3518":"g","3519":"i","3520":"t","3521":"s","3522":"(","3523":"n","3524":"u","3525":"m","3526":")","3527":" ","3528":"{","3529":"\\","3530":"r","3531":"\\","3532":"n","3533":" ","3534":" ","3535":" ","3536":" ","3537":" ","3538":" ","3539":"r","3540":"e","3541":"t","3542":"u","3543":"r","3544":"n","3545":" ","3546":"n","3547":"u","3548":"m","3549":".","3550":"t","3551":"o","3552":"S","3553":"t","3554":"r","3555":"i","3556":"n","3557":"g","3558":"(","3559":")","3560":".","3561":"p","3562":"a","3563":"d","3564":"S","3565":"t","3566":"a","3567":"r","3568":"t","3569":"(","3570":"2","3571":",","3572":" ","3573":"'","3574":"0","3575":"'","3576":")","3577":";","3578":"\\","3579":"r","3580":"\\","3581":"n","3582":" ","3583":" ","3584":" ","3585":" ","3586":"}","3587":",","3588":"\\","3589":"r","3590":"\\","3591":"n","3592":" ","3593":" ","3594":" ","3595":" ","3596":"u","3597":"p","3598":"d","3599":"a","3600":"t","3601":"e","3602":"D","3603":"a","3604":"t","3605":"e","3606":"T","3607":"i","3608":"m","3609":"e","3610":"(","3611":")","3612":" ","3613":"{","3614":"\\","3615":"r","3616":"\\","3617":"n","3618":" ","3619":" ","3620":" ","3621":" ","3622":" ","3623":" ","3624":"c","3625":"o","3626":"n","3627":"s","3628":"t","3629":" ","3630":"n","3631":"o","3632":"w","3633":" ","3634":"=","3635":" ","3636":"n","3637":"e","3638":"w","3639":" ","3640":"D","3641":"a","3642":"t","3643":"e","3644":"(","3645":")","3646":";","3647":"\\","3648":"r","3649":"\\","3650":"n","3651":" ","3652":" ","3653":" ","3654":" ","3655":" ","3656":" ","3657":"\\","3658":"r","3659":"\\","3660":"n","3661":" ","3662":" ","3663":" ","3664":" ","3665":" ","3666":" ","3667":"/","3668":"/","3669":" ","3670":"F","3671":"o","3672":"r","3673":"m","3674":"a","3675":"t","3676":":","3677":" ","3678":"Y","3679":"Y","3680":"Y","3681":"Y","3682":"-","3683":"M","3684":"M","3685":"-","3686":"D","3687":"D","3688":" ","3689":"H","3690":"H","3691":":","3692":"m","3693":"m","3694":":","3695":"s","3696":"s","3697":"\\","3698":"r","3699":"\\","3700":"n","3701":" ","3702":" ","3703":" ","3704":" ","3705":" ","3706":" ","3707":"c","3708":"o","3709":"n","3710":"s","3711":"t","3712":" ","3713":"y","3714":"e","3715":"a","3716":"r","3717":" ","3718":"=","3719":" ","3720":"n","3721":"o","3722":"w","3723":".","3724":"g","3725":"e","3726":"t","3727":"F","3728":"u","3729":"l","3730":"l","3731":"Y","3732":"e","3733":"a","3734":"r","3735":"(","3736":")","3737":";","3738":"\\","3739":"r","3740":"\\","3741":"n","3742":" ","3743":" ","3744":" ","3745":" ","3746":" ","3747":" ","3748":"c","3749":"o","3750":"n","3751":"s","3752":"t","3753":" ","3754":"m","3755":"o","3756":"n","3757":"t","3758":"h","3759":" ","3760":"=","3761":" ","3762":"t","3763":"h","3764":"i","3765":"s","3766":".","3767":"f","3768":"o","3769":"r","3770":"m","3771":"a","3772":"t","3773":"T","3774":"w","3775":"o","3776":"D","3777":"i","3778":"g","3779":"i","3780":"t","3781":"s","3782":"(","3783":"n","3784":"o","3785":"w","3786":".","3787":"g","3788":"e","3789":"t","3790":"M","3791":"o","3792":"n","3793":"t","3794":"h","3795":"(","3796":")","3797":" ","3798":"+","3799":" ","3800":"1","3801":")","3802":";","3803":"\\","3804":"r","3805":"\\","3806":"n","3807":" ","3808":" ","3809":" ","3810":" ","3811":" ","3812":" ","3813":"c","3814":"o","3815":"n","3816":"s","3817":"t","3818":" ","3819":"d","3820":"a","3821":"y","3822":" ","3823":"=","3824":" ","3825":"t","3826":"h","3827":"i","3828":"s","3829":".","3830":"f","3831":"o","3832":"r","3833":"m","3834":"a","3835":"t","3836":"T","3837":"w","3838":"o","3839":"D","3840":"i","3841":"g","3842":"i","3843":"t","3844":"s","3845":"(","3846":"n","3847":"o","3848":"w","3849":".","3850":"g","3851":"e","3852":"t","3853":"D","3854":"a","3855":"t","3856":"e","3857":"(","3858":")","3859":")","3860":";","3861":"\\","3862":"r","3863":"\\","3864":"n","3865":" ","3866":" ","3867":" ","3868":" ","3869":" ","3870":" ","3871":"c","3872":"o","3873":"n","3874":"s","3875":"t","3876":" ","3877":"h","3878":"o","3879":"u","3880":"r","3881":"s","3882":" ","3883":"=","3884":" ","3885":"t","3886":"h","3887":"i","3888":"s","3889":".","3890":"f","3891":"o","3892":"r","3893":"m","3894":"a","3895":"t","3896":"T","3897":"w","3898":"o","3899":"D","3900":"i","3901":"g","3902":"i","3903":"t","3904":"s","3905":"(","3906":"n","3907":"o","3908":"w","3909":".","3910":"g","3911":"e","3912":"t","3913":"H","3914":"o","3915":"u","3916":"r","3917":"s","3918":"(","3919":")","3920":")","3921":";","3922":"\\","3923":"r","3924":"\\","3925":"n","3926":" ","3927":" ","3928":" ","3929":" ","3930":" ","3931":" ","3932":"c","3933":"o","3934":"n","3935":"s","3936":"t","3937":" ","3938":"m","3939":"i","3940":"n","3941":"u","3942":"t","3943":"e","3944":"s","3945":" ","3946":"=","3947":" ","3948":"t","3949":"h","3950":"i","3951":"s","3952":".","3953":"f","3954":"o","3955":"r","3956":"m","3957":"a","3958":"t","3959":"T","3960":"w","3961":"o","3962":"D","3963":"i","3964":"g","3965":"i","3966":"t","3967":"s","3968":"(","3969":"n","3970":"o","3971":"w","3972":".","3973":"g","3974":"e","3975":"t","3976":"M","3977":"i","3978":"n","3979":"u","3980":"t","3981":"e","3982":"s","3983":"(","3984":")","3985":")","3986":";","3987":"\\","3988":"r","3989":"\\","3990":"n","3991":" ","3992":" ","3993":" ","3994":" ","3995":" ","3996":" ","3997":"c","3998":"o","3999":"n","4000":"s","4001":"t","4002":" ","4003":"s","4004":"e","4005":"c","4006":"o","4007":"n","4008":"d","4009":"s","4010":" ","4011":"=","4012":" ","4013":"t","4014":"h","4015":"i","4016":"s","4017":".","4018":"f","4019":"o","4020":"r","4021":"m","4022":"a","4023":"t","4024":"T","4025":"w","4026":"o","4027":"D","4028":"i","4029":"g","4030":"i","4031":"t","4032":"s","4033":"(","4034":"n","4035":"o","4036":"w","4037":".","4038":"g","4039":"e","4040":"t","4041":"S","4042":"e","4043":"c","4044":"o","4045":"n","4046":"d","4047":"s","4048":"(","4049":")","4050":")","4051":";","4052":"\\","4053":"r","4054":"\\","4055":"n","4056":" ","4057":" ","4058":" ","4059":" ","4060":" ","4061":" ","4062":"\\","4063":"r","4064":"\\","4065":"n","4066":" ","4067":" ","4068":" ","4069":" ","4070":" ","4071":" ","4072":"t","4073":"h","4074":"i","4075":"s","4076":".","4077":"f","4078":"o","4079":"r","4080":"m","4081":"a","4082":"t","4083":"t","4084":"e","4085":"d","4086":"D","4087":"a","4088":"t","4089":"e","4090":"T","4091":"i","4092":"m","4093":"e","4094":" ","4095":"=","4096":" ","4097":"`","4098":"$","4099":"{","4100":"y","4101":"e","4102":"a","4103":"r","4104":"}","4105":"-","4106":"$","4107":"{","4108":"m","4109":"o","4110":"n","4111":"t","4112":"h","4113":"}","4114":"-","4115":"$","4116":"{","4117":"d","4118":"a","4119":"y","4120":"}","4121":" ","4122":"$","4123":"{","4124":"h","4125":"o","4126":"u","4127":"r","4128":"s","4129":"}","4130":":","4131":"$","4132":"{","4133":"m","4134":"i","4135":"n","4136":"u","4137":"t","4138":"e","4139":"s","4140":"}","4141":":","4142":"$","4143":"{","4144":"s","4145":"e","4146":"c","4147":"o","4148":"n","4149":"d","4150":"s","4151":"}","4152":"`","4153":";","4154":"\\","4155":"r","4156":"\\","4157":"n","4158":" ","4159":" ","4160":" ","4161":" ","4162":" ","4163":" ","4164":"\\","4165":"r","4166":"\\","4167":"n","4168":" ","4169":" ","4170":" ","4171":" ","4172":" ","4173":" ","4174":"t","4175":"h","4176":"i","4177":"s","4178":".","4179":"d","4180":"a","4181":"y","4182":"O","4183":"f","4184":"W","4185":"e","4186":"e","4187":"k","4188":" ","4189":"=","4190":" ","4191":"n","4192":"o","4193":"w","4194":".","4195":"t","4196":"o","4197":"L","4198":"o","4199":"c","4200":"a","4201":"l","4202":"e","4203":"D","4204":"a","4205":"t","4206":"e","4207":"S","4208":"t","4209":"r","4210":"i","4211":"n","4212":"g","4213":"(","4214":"'","4215":"e","4216":"n","4217":"-","4218":"U","4219":"S","4220":"'","4221":",","4222":" ","4223":"{","4224":" ","4225":"w","4226":"e","4227":"e","4228":"k","4229":"d","4230":"a","4231":"y","4232":":","4233":" ","4234":"'","4235":"l","4236":"o","4237":"n","4238":"g","4239":"'","4240":" ","4241":"}","4242":")","4243":";","4244":"\\","4245":"r","4246":"\\","4247":"n","4248":" ","4249":" ","4250":" ","4251":" ","4252":" ","4253":" ","4254":"\\","4255":"r","4256":"\\","4257":"n","4258":" ","4259":" ","4260":" ","4261":" ","4262":" ","4263":" ","4264":"t","4265":"h","4266":"i","4267":"s","4268":".","4269":"d","4270":"a","4271":"y","4272":"A","4273":"n","4274":"d","4275":"M","4276":"o","4277":"n","4278":"t","4279":"h","4280":" ","4281":"=","4282":" ","4283":"n","4284":"o","4285":"w","4286":".","4287":"t","4288":"o","4289":"L","4290":"o","4291":"c","4292":"a","4293":"l","4294":"e","4295":"D","4296":"a","4297":"t","4298":"e","4299":"S","4300":"t","4301":"r","4302":"i","4303":"n","4304":"g","4305":"(","4306":"'","4307":"e","4308":"n","4309":"-","4310":"U","4311":"S","4312":"'","4313":",","4314":" ","4315":"{","4316":"\\","4317":"r","4318":"\\","4319":"n","4320":" ","4321":" ","4322":" ","4323":" ","4324":" ","4325":" ","4326":" ","4327":" ","4328":"m","4329":"o","4330":"n","4331":"t","4332":"h","4333":":","4334":" ","4335":"'","4336":"l","4337":"o","4338":"n","4339":"g","4340":"'","4341":",","4342":"\\","4343":"r","4344":"\\","4345":"n","4346":" ","4347":" ","4348":" ","4349":" ","4350":" ","4351":" ","4352":" ","4353":" ","4354":"d","4355":"a","4356":"y","4357":":","4358":" ","4359":"'","4360":"n","4361":"u","4362":"m","4363":"e","4364":"r","4365":"i","4366":"c","4367":"'","4368":"\\","4369":"r","4370":"\\","4371":"n","4372":" ","4373":" ","4374":" ","4375":" ","4376":" ","4377":" ","4378":"}","4379":")","4380":";","4381":"\\","4382":"r","4383":"\\","4384":"n","4385":" ","4386":" ","4387":" ","4388":" ","4389":"}","4390":"\\","4391":"r","4392":"\\","4393":"n","4394":" ","4395":" ","4396":"}","4397":",","4398":"\\","4399":"r","4400":"\\","4401":"n","4402":" ","4403":" ","4404":"m","4405":"o","4406":"u","4407":"n","4408":"t","4409":"e","4410":"d","4411":"(","4412":")","4413":" ","4414":"{","4415":"\\","4416":"r","4417":"\\","4418":"n","4419":" ","4420":" ","4421":" ","4422":" ","4423":"t","4424":"h","4425":"i","4426":"s","4427":".","4428":"u","4429":"p","4430":"d","4431":"a","4432":"t","4433":"e","4434":"D","4435":"a","4436":"t","4437":"e","4438":"T","4439":"i","4440":"m","4441":"e","4442":"(","4443":")","4444":";","4445":"\\","4446":"r","4447":"\\","4448":"n","4449":" ","4450":" ","4451":" ","4452":" ","4453":"t","4454":"h","4455":"i","4456":"s","4457":".","4458":"t","4459":"i","4460":"m","4461":"e","4462":"r","4463":" ","4464":"=","4465":" ","4466":"s","4467":"e","4468":"t","4469":"I","4470":"n","4471":"t","4472":"e","4473":"r","4474":"v","4475":"a","4476":"l","4477":"(","4478":"t","4479":"h","4480":"i","4481":"s","4482":".","4483":"u","4484":"p","4485":"d","4486":"a","4487":"t","4488":"e","4489":"D","4490":"a","4491":"t","4492":"e","4493":"T","4494":"i","4495":"m","4496":"e","4497":",","4498":" ","4499":"1","4500":"0","4501":"0","4502":"0","4503":")","4504":";","4505":"\\","4506":"r","4507":"\\","4508":"n","4509":" ","4510":" ","4511":"}","4512":",","4513":"\\","4514":"r","4515":"\\","4516":"n","4517":" ","4518":" ","4519":"b","4520":"e","4521":"f","4522":"o","4523":"r","4524":"e","4525":"U","4526":"n","4527":"m","4528":"o","4529":"u","4530":"n","4531":"t","4532":"(","4533":")","4534":" ","4535":"{","4536":"\\","4537":"r","4538":"\\","4539":"n","4540":" ","4541":" ","4542":" ","4543":" ","4544":"i","4545":"f","4546":" ","4547":"(","4548":"t","4549":"h","4550":"i","4551":"s","4552":".","4553":"t","4554":"i","4555":"m","4556":"e","4557":"r","4558":")","4559":" ","4560":"{","4561":"\\","4562":"r","4563":"\\","4564":"n","4565":" ","4566":" ","4567":" ","4568":" ","4569":" ","4570":" ","4571":"c","4572":"l","4573":"e","4574":"a","4575":"r","4576":"I","4577":"n","4578":"t","4579":"e","4580":"r","4581":"v","4582":"a","4583":"l","4584":"(","4585":"t","4586":"h","4587":"i","4588":"s","4589":".","4590":"t","4591":"i","4592":"m","4593":"e","4594":"r","4595":")","4596":";","4597":"\\","4598":"r","4599":"\\","4600":"n","4601":" ","4602":" ","4603":" ","4604":" ","4605":"}","4606":"\\","4607":"r","4608":"\\","4609":"n","4610":" ","4611":" ","4612":"}","4613":"\\","4614":"r","4615":"\\","4616":"n","4617":"}","4618":"\\","4619":"r","4620":"\\","4621":"n","4622":"<","4623":"/","4624":"s","4625":"c","4626":"r","4627":"i","4628":"p","4629":"t","4630":">","4631":"\\","4632":"r","4633":"\\","4634":"n","4635":"\\","4636":"r","4637":"\\","4638":"n","4639":"<","4640":"s","4641":"t","4642":"y","4643":"l","4644":"e","4645":" ","4646":"s","4647":"c","4648":"o","4649":"p","4650":"e","4651":"d","4652":">","4653":"\\","4654":"r","4655":"\\","4656":"n","4657":".","4658":"d","4659":"a","4660":"t","4661":"e","4662":"t","4663":"i","4664":"m","4665":"e","4666":"-","4667":"w","4668":"i","4669":"d","4670":"g","4671":"e","4672":"t","4673":" ","4674":"{","4675":"\\","4676":"r","4677":"\\","4678":"n","4679":" ","4680":" ","4681":"b","4682":"a","4683":"c","4684":"k","4685":"g","4686":"r","4687":"o","4688":"u","4689":"n","4690":"d","4691":":","4692":" ","4693":"l","4694":"i","4695":"n","4696":"e","4697":"a","4698":"r","4699":"-","4700":"g","4701":"r","4702":"a","4703":"d","4704":"i","4705":"e","4706":"n","4707":"t","4708":"(","4709":"1","4710":"4","4711":"5","4712":"d","4713":"e","4714":"g","4715":",","4716":" ","4717":"#","4718":"f","4719":"f","4720":"f","4721":"f","4722":"f","4723":"f","4724":",","4725":" ","4726":"#","4727":"f","4728":"0","4729":"f","4730":"2","4731":"f","4732":"5","4733":")","4734":";","4735":"\\","4736":"r","4737":"\\","4738":"n","4739":" ","4740":" ","4741":"b","4742":"o","4743":"r","4744":"d","4745":"e","4746":"r","4747":"-","4748":"r","4749":"a","4750":"d","4751":"i","4752":"u","4753":"s","4754":":","4755":" ","4756":"2","4757":"0","4758":"p","4759":"x","4760":";","4761":"\\","4762":"r","4763":"\\","4764":"n","4765":" ","4766":" ","4767":"p","4768":"a","4769":"d","4770":"d","4771":"i","4772":"n","4773":"g","4774":":","4775":" ","4776":"2","4777":"r","4778":"e","4779":"m","4780":";","4781":"\\","4782":"r","4783":"\\","4784":"n","4785":" ","4786":" ","4787":"b","4788":"o","4789":"x","4790":"-","4791":"s","4792":"h","4793":"a","4794":"d","4795":"o","4796":"w","4797":":","4798":" ","4799":"\\","4800":"r","4801":"\\","4802":"n","4803":" ","4804":" ","4805":" ","4806":" ","4807":"0","4808":" ","4809":"1","4810":"0","4811":"p","4812":"x","4813":" ","4814":"2","4815":"0","4816":"p","4817":"x","4818":" ","4819":"r","4820":"g","4821":"b","4822":"a","4823":"(","4824":"0","4825":",","4826":" ","4827":"0","4828":",","4829":" ","4830":"0","4831":",","4832":" ","4833":"0","4834":".","4835":"1","4836":")","4837":",","4838":"\\","4839":"r","4840":"\\","4841":"n","4842":" ","4843":" ","4844":" ","4845":" ","4846":"0","4847":" ","4848":"6","4849":"p","4850":"x","4851":" ","4852":"6","4853":"p","4854":"x","4855":" ","4856":"r","4857":"g","4858":"b","4859":"a","4860":"(","4861":"0","4862":",","4863":" ","4864":"0","4865":",","4866":" ","4867":"0","4868":",","4869":" ","4870":"0","4871":".","4872":"0","4873":"5","4874":")","4875":";","4876":"\\","4877":"r","4878":"\\","4879":"n","4880":" ","4881":" ","4882":"t","4883":"r","4884":"a","4885":"n","4886":"s","4887":"i","4888":"t","4889":"i","4890":"o","4891":"n","4892":":","4893":" ","4894":"t","4895":"r","4896":"a","4897":"n","4898":"s","4899":"f","4900":"o","4901":"r","4902":"m","4903":" ","4904":"0","4905":".","4906":"3","4907":"s","4908":" ","4909":"e","4910":"a","4911":"s","4912":"e","4913":";","4914":"\\","4915":"r","4916":"\\","4917":"n","4918":"}","4919":"\\","4920":"r","4921":"\\","4922":"n","4923":"\\","4924":"r","4925":"\\","4926":"n","4927":".","4928":"d","4929":"a","4930":"t","4931":"e","4932":"t","4933":"i","4934":"m","4935":"e","4936":"-","4937":"w","4938":"i","4939":"d","4940":"g","4941":"e","4942":"t","4943":":","4944":"h","4945":"o","4946":"v","4947":"e","4948":"r","4949":" ","4950":"{","4951":"\\","4952":"r","4953":"\\","4954":"n","4955":" ","4956":" ","4957":"t","4958":"r","4959":"a","4960":"n","4961":"s","4962":"f","4963":"o","4964":"r","4965":"m","4966":":","4967":" ","4968":"t","4969":"r","4970":"a","4971":"n","4972":"s","4973":"l","4974":"a","4975":"t","4976":"e","4977":"Y","4978":"(","4979":"-","4980":"5","4981":"p","4982":"x","4983":")","4984":";","4985":"\\","4986":"r","4987":"\\","4988":"n","4989":"}","4990":"\\","4991":"r","4992":"\\","4993":"n","4994":"\\","4995":"r","4996":"\\","4997":"n","4998":".","4999":"c","5000":"l","5001":"o","5002":"c","5003":"k","5004":"-","5005":"h","5006":"e","5007":"a","5008":"d","5009":"e","5010":"r","5011":" ","5012":"{","5013":"\\","5014":"r","5015":"\\","5016":"n","5017":" ","5018":" ","5019":"d","5020":"i","5021":"s","5022":"p","5023":"l","5024":"a","5025":"y","5026":":","5027":" ","5028":"f","5029":"l","5030":"e","5031":"x","5032":";","5033":"\\","5034":"r","5035":"\\","5036":"n","5037":" ","5038":" ","5039":"a","5040":"l","5041":"i","5042":"g","5043":"n","5044":"-","5045":"i","5046":"t","5047":"e","5048":"m","5049":"s","5050":":","5051":" ","5052":"c","5053":"e","5054":"n","5055":"t","5056":"e","5057":"r","5058":";","5059":"\\","5060":"r","5061":"\\","5062":"n","5063":" ","5064":" ","5065":"j","5066":"u","5067":"s","5068":"t","5069":"i","5070":"f","5071":"y","5072":"-","5073":"c","5074":"o","5075":"n","5076":"t","5077":"e","5078":"n","5079":"t","5080":":","5081":" ","5082":"c","5083":"e","5084":"n","5085":"t","5086":"e","5087":"r","5088":";","5089":"\\","5090":"r","5091":"\\","5092":"n","5093":" ","5094":" ","5095":"g","5096":"a","5097":"p","5098":":","5099":" ","5100":"1","5101":"0","5102":"p","5103":"x","5104":";","5105":"\\","5106":"r","5107":"\\","5108":"n","5109":" ","5110":" ","5111":"m","5112":"a","5113":"r","5114":"g","5115":"i","5116":"n","5117":"-","5118":"b","5119":"o","5120":"t","5121":"t","5122":"o","5123":"m","5124":":","5125":" ","5126":"1","5127":"r","5128":"e","5129":"m","5130":";","5131":"\\","5132":"r","5133":"\\","5134":"n","5135":" ","5136":" ","5137":"c","5138":"o","5139":"l","5140":"o","5141":"r","5142":":","5143":" ","5144":"#","5145":"4","5146":"a","5147":"5","5148":"5","5149":"6","5150":"8","5151":";","5152":"\\","5153":"r","5154":"\\","5155":"n","5156":" ","5157":" ","5158":"f","5159":"o","5160":"n","5161":"t","5162":"-","5163":"s","5164":"i","5165":"z","5166":"e","5167":":","5168":" ","5169":"1","5170":".","5171":"2","5172":"r","5173":"e","5174":"m","5175":";","5176":"\\","5177":"r","5178":"\\","5179":"n","5180":" ","5181":" ","5182":"f","5183":"o","5184":"n","5185":"t","5186":"-","5187":"w","5188":"e","5189":"i","5190":"g","5191":"h","5192":"t","5193":":","5194":" ","5195":"5","5196":"0","5197":"0","5198":";","5199":"\\","5200":"r","5201":"\\","5202":"n","5203":"}","5204":"\\","5205":"r","5206":"\\","5207":"n","5208":"\\","5209":"r","5210":"\\","5211":"n","5212":".","5213":"m","5214":"a","5215":"i","5216":"n","5217":"-","5218":"d","5219":"i","5220":"s","5221":"p","5222":"l","5223":"a","5224":"y","5225":" ","5226":"{","5227":"\\","5228":"r","5229":"\\","5230":"n","5231":" ","5232":" ","5233":"t","5234":"e","5235":"x","5236":"t","5237":"-","5238":"a","5239":"l","5240":"i","5241":"g","5242":"n","5243":":","5244":" ","5245":"c","5246":"e","5247":"n","5248":"t","5249":"e","5250":"r","5251":";","5252":"\\","5253":"r","5254":"\\","5255":"n","5256":" ","5257":" ","5258":"m","5259":"a","5260":"r","5261":"g","5262":"i","5263":"n","5264":"-","5265":"b","5266":"o","5267":"t","5268":"t","5269":"o","5270":"m","5271":":","5272":" ","5273":"2","5274":"r","5275":"e","5276":"m","5277":";","5278":"\\","5279":"r","5280":"\\","5281":"n","5282":"}","5283":"\\","5284":"r","5285":"\\","5286":"n","5287":"\\","5288":"r","5289":"\\","5290":"n","5291":".","5292":"d","5293":"i","5294":"g","5295":"i","5296":"t","5297":"a","5298":"l","5299":"-","5300":"c","5301":"l","5302":"o","5303":"c","5304":"k","5305":" ","5306":"{","5307":"\\","5308":"r","5309":"\\","5310":"n","5311":" ","5312":" ","5313":"p","5314":"a","5315":"d","5316":"d","5317":"i","5318":"n","5319":"g","5320":":","5321":" ","5322":"1","5323":".","5324":"5","5325":"r","5326":"e","5327":"m","5328":";","5329":"\\","5330":"r","5331":"\\","5332":"n","5333":" ","5334":" ","5335":"b","5336":"a","5337":"c","5338":"k","5339":"g","5340":"r","5341":"o","5342":"u","5343":"n","5344":"d","5345":":","5346":" ","5347":"l","5348":"i","5349":"n","5350":"e","5351":"a","5352":"r","5353":"-","5354":"g","5355":"r","5356":"a","5357":"d","5358":"i","5359":"e","5360":"n","5361":"t","5362":"(","5363":"1","5364":"3","5365":"5","5366":"d","5367":"e","5368":"g","5369":",","5370":" ","5371":"#","5372":"2","5373":"c","5374":"5","5375":"2","5376":"8","5377":"2","5378":",","5379":" ","5380":"#","5381":"4","5382":"a","5383":"8","5384":"7","5385":"c","5386":"8","5387":")","5388":";","5389":"\\","5390":"r","5391":"\\","5392":"n","5393":" ","5394":" ","5395":"b","5396":"o","5397":"r","5398":"d","5399":"e","5400":"r","5401":"-","5402":"r","5403":"a","5404":"d","5405":"i","5406":"u","5407":"s","5408":":","5409":" ","5410":"1","5411":"6","5412":"p","5413":"x","5414":";","5415":"\\","5416":"r","5417":"\\","5418":"n","5419":" ","5420":" ","5421":"m","5422":"a","5423":"r","5424":"g","5425":"i","5426":"n","5427":"-","5428":"b","5429":"o","5430":"t","5431":"t","5432":"o","5433":"m","5434":":","5435":" ","5436":"1","5437":"r","5438":"e","5439":"m","5440":";","5441":"\\","5442":"r","5443":"\\","5444":"n","5445":" ","5446":" ","5447":"b","5448":"o","5449":"x","5450":"-","5451":"s","5452":"h","5453":"a","5454":"d","5455":"o","5456":"w","5457":":","5458":" ","5459":"0","5460":" ","5461":"4","5462":"p","5463":"x","5464":" ","5465":"1","5466":"2","5467":"p","5468":"x","5469":" ","5470":"r","5471":"g","5472":"b","5473":"a","5474":"(","5475":"4","5476":"3","5477":",","5478":" ","5479":"1","5480":"0","5481":"8","5482":",","5483":" ","5484":"1","5485":"7","5486":"6","5487":",","5488":" ","5489":"0","5490":".","5491":"2","5492":")","5493":";","5494":"\\","5495":"r","5496":"\\","5497":"n","5498":"}","5499":"\\","5500":"r","5501":"\\","5502":"n","5503":"\\","5504":"r","5505":"\\","5506":"n","5507":".","5508":"t","5509":"i","5510":"m","5511":"e","5512":"-","5513":"w","5514":"r","5515":"a","5516":"p","5517":"p","5518":"e","5519":"r","5520":" ","5521":"{","5522":"\\","5523":"r","5524":"\\","5525":"n","5526":" ","5527":" ","5528":"p","5529":"o","5530":"s","5531":"i","5532":"t","5533":"i","5534":"o","5535":"n","5536":":","5537":" ","5538":"r","5539":"e","5540":"l","5541":"a","5542":"t","5543":"i","5544":"v","5545":"e","5546":";","5547":"\\","5548":"r","5549":"\\","5550":"n","5551":" ","5552":" ","5553":"d","5554":"i","5555":"s","5556":"p","5557":"l","5558":"a","5559":"y","5560":":","5561":" ","5562":"i","5563":"n","5564":"l","5565":"i","5566":"n","5567":"e","5568":"-","5569":"f","5570":"l","5571":"e","5572":"x","5573":";","5574":"\\","5575":"r","5576":"\\","5577":"n","5578":" ","5579":" ","5580":"a","5581":"l","5582":"i","5583":"g","5584":"n","5585":"-","5586":"i","5587":"t","5588":"e","5589":"m","5590":"s","5591":":","5592":" ","5593":"c","5594":"e","5595":"n","5596":"t","5597":"e","5598":"r","5599":";","5600":"\\","5601":"r","5602":"\\","5603":"n","5604":" ","5605":" ","5606":"g","5607":"a","5608":"p","5609":":","5610":" ","5611":"1","5612":"r","5613":"e","5614":"m","5615":";","5616":"\\","5617":"r","5618":"\\","5619":"n","5620":"}","5621":"\\","5622":"r","5623":"\\","5624":"n","5625":"\\","5626":"r","5627":"\\","5628":"n","5629":".","5630":"f","5631":"o","5632":"r","5633":"m","5634":"a","5635":"t","5636":"t","5637":"e","5638":"d","5639":"-","5640":"t","5641":"i","5642":"m","5643":"e","5644":" ","5645":"{","5646":"\\","5647":"r","5648":"\\","5649":"n","5650":" ","5651":" ","5652":"f","5653":"o","5654":"n","5655":"t","5656":"-","5657":"s","5658":"i","5659":"z","5660":"e","5661":":","5662":" ","5663":"2","5664":".","5665":"5","5666":"r","5667":"e","5668":"m","5669":";","5670":"\\","5671":"r","5672":"\\","5673":"n","5674":" ","5675":" ","5676":"f","5677":"o","5678":"n","5679":"t","5680":"-","5681":"w","5682":"e","5683":"i","5684":"g","5685":"h","5686":"t","5687":":","5688":" ","5689":"6","5690":"0","5691":"0","5692":";","5693":"\\","5694":"r","5695":"\\","5696":"n","5697":" ","5698":" ","5699":"c","5700":"o","5701":"l","5702":"o","5703":"r","5704":":","5705":" ","5706":"#","5707":"f","5708":"f","5709":"f","5710":"f","5711":"f","5712":"f","5713":";","5714":"\\","5715":"r","5716":"\\","5717":"n","5718":" ","5719":" ","5720":"l","5721":"e","5722":"t","5723":"t","5724":"e","5725":"r","5726":"-","5727":"s","5728":"p","5729":"a","5730":"c","5731":"i","5732":"n","5733":"g","5734":":","5735":" ","5736":"2","5737":"p","5738":"x","5739":";","5740":"\\","5741":"r","5742":"\\","5743":"n","5744":" ","5745":" ","5746":"t","5747":"e","5748":"x","5749":"t","5750":"-","5751":"s","5752":"h","5753":"a","5754":"d","5755":"o","5756":"w","5757":":","5758":" ","5759":"0","5760":" ","5761":"2","5762":"p","5763":"x","5764":" ","5765":"4","5766":"p","5767":"x","5768":" ","5769":"r","5770":"g","5771":"b","5772":"a","5773":"(","5774":"0","5775":",","5776":" ","5777":"0","5778":",","5779":" ","5780":"0","5781":",","5782":" ","5783":"0","5784":".","5785":"2","5786":")","5787":";","5788":"\\","5789":"r","5790":"\\","5791":"n","5792":"}","5793":"\\","5794":"r","5795":"\\","5796":"n","5797":"\\","5798":"r","5799":"\\","5800":"n","5801":".","5802":"d","5803":"a","5804":"t","5805":"e","5806":"-","5807":"d","5808":"e","5809":"t","5810":"a","5811":"i","5812":"l","5813":"s","5814":" ","5815":"{","5816":"\\","5817":"r","5818":"\\","5819":"n","5820":" ","5821":" ","5822":"d","5823":"i","5824":"s","5825":"p","5826":"l","5827":"a","5828":"y","5829":":","5830":" ","5831":"g","5832":"r","5833":"i","5834":"d","5835":";","5836":"\\","5837":"r","5838":"\\","5839":"n","5840":" ","5841":" ","5842":"g","5843":"r","5844":"i","5845":"d","5846":"-","5847":"t","5848":"e","5849":"m","5850":"p","5851":"l","5852":"a","5853":"t","5854":"e","5855":"-","5856":"c","5857":"o","5858":"l","5859":"u","5860":"m","5861":"n","5862":"s","5863":":","5864":" ","5865":"r","5866":"e","5867":"p","5868":"e","5869":"a","5870":"t","5871":"(","5872":"2","5873":",","5874":" ","5875":"1","5876":"f","5877":"r","5878":")","5879":";","5880":"\\","5881":"r","5882":"\\","5883":"n","5884":" ","5885":" ","5886":"g","5887":"a","5888":"p","5889":":","5890":" ","5891":"1","5892":".","5893":"5","5894":"r","5895":"e","5896":"m","5897":";","5898":"\\","5899":"r","5900":"\\","5901":"n","5902":"}","5903":"\\","5904":"r","5905":"\\","5906":"n","5907":"\\","5908":"r","5909":"\\","5910":"n","5911":".","5912":"d","5913":"e","5914":"t","5915":"a","5916":"i","5917":"l","5918":"-","5919":"i","5920":"t","5921":"e","5922":"m","5923":" ","5924":"{","5925":"\\","5926":"r","5927":"\\","5928":"n","5929":" ","5930":" ","5931":"d","5932":"i","5933":"s","5934":"p","5935":"l","5936":"a","5937":"y","5938":":","5939":" ","5940":"f","5941":"l","5942":"e","5943":"x","5944":";","5945":"\\","5946":"r","5947":"\\","5948":"n","5949":" ","5950":" ","5951":"a","5952":"l","5953":"i","5954":"g","5955":"n","5956":"-","5957":"i","5958":"t","5959":"e","5960":"m","5961":"s","5962":":","5963":" ","5964":"c","5965":"e","5966":"n","5967":"t","5968":"e","5969":"r","5970":";","5971":"\\","5972":"r","5973":"\\","5974":"n","5975":" ","5976":" ","5977":"g","5978":"a","5979":"p","5980":":","5981":" ","5982":"1","5983":"r","5984":"e","5985":"m","5986":";","5987":"\\","5988":"r","5989":"\\","5990":"n","5991":" ","5992":" ","5993":"p","5994":"a","5995":"d","5996":"d","5997":"i","5998":"n","5999":"g","6000":":","6001":" ","6002":"1","6003":".","6004":"5","6005":"r","6006":"e","6007":"m","6008":";","6009":"\\","6010":"r","6011":"\\","6012":"n","6013":" ","6014":" ","6015":"b","6016":"a","6017":"c","6018":"k","6019":"g","6020":"r","6021":"o","6022":"u","6023":"n","6024":"d","6025":":","6026":" ","6027":"r","6028":"g","6029":"b","6030":"a","6031":"(","6032":"2","6033":"5","6034":"5","6035":",","6036":" ","6037":"2","6038":"5","6039":"5","6040":",","6041":" ","6042":"2","6043":"5","6044":"5","6045":",","6046":" ","6047":"0","6048":".","6049":"9","6050":")","6051":";","6052":"\\","6053":"r","6054":"\\","6055":"n","6056":" ","6057":" ","6058":"b","6059":"o","6060":"r","6061":"d","6062":"e","6063":"r","6064":"-","6065":"r","6066":"a","6067":"d","6068":"i","6069":"u","6070":"s","6071":":","6072":" ","6073":"1","6074":"6","6075":"p","6076":"x","6077":";","6078":"\\","6079":"r","6080":"\\","6081":"n","6082":" ","6083":" ","6084":"b","6085":"o","6086":"x","6087":"-","6088":"s","6089":"h","6090":"a","6091":"d","6092":"o","6093":"w","6094":":","6095":" ","6096":"0","6097":" ","6098":"4","6099":"p","6100":"x","6101":" ","6102":"1","6103":"2","6104":"p","6105":"x","6106":" ","6107":"r","6108":"g","6109":"b","6110":"a","6111":"(","6112":"0","6113":",","6114":" ","6115":"0","6116":",","6117":" ","6118":"0","6119":",","6120":" ","6121":"0","6122":".","6123":"0","6124":"5","6125":")","6126":";","6127":"\\","6128":"r","6129":"\\","6130":"n","6131":" ","6132":" ","6133":"t","6134":"r","6135":"a","6136":"n","6137":"s","6138":"i","6139":"t","6140":"i","6141":"o","6142":"n","6143":":","6144":" ","6145":"a","6146":"l","6147":"l","6148":" ","6149":"0","6150":".","6151":"3","6152":"s","6153":" ","6154":"e","6155":"a","6156":"s","6157":"e","6158":";","6159":"\\","6160":"r","6161":"\\","6162":"n","6163":" ","6164":" ","6165":"b","6166":"o","6167":"r","6168":"d","6169":"e","6170":"r","6171":":","6172":" ","6173":"1","6174":"p","6175":"x","6176":" ","6177":"s","6178":"o","6179":"l","6180":"i","6181":"d","6182":" ","6183":"r","6184":"g","6185":"b","6186":"a","6187":"(","6188":"2","6189":"2","6190":"6","6191":",","6192":" ","6193":"2","6194":"3","6195":"2","6196":",","6197":" ","6198":"2","6199":"4","6200":"0","6201":",","6202":" ","6203":"0","6204":".","6205":"8","6206":")","6207":";","6208":"\\","6209":"r","6210":"\\","6211":"n","6212":"}","6213":"\\","6214":"r","6215":"\\","6216":"n","6217":"\\","6218":"r","6219":"\\","6220":"n","6221":".","6222":"d","6223":"e","6224":"t","6225":"a","6226":"i","6227":"l","6228":"-","6229":"i","6230":"t","6231":"e","6232":"m","6233":":","6234":"h","6235":"o","6236":"v","6237":"e","6238":"r","6239":" ","6240":"{","6241":"\\","6242":"r","6243":"\\","6244":"n","6245":" ","6246":" ","6247":"t","6248":"r","6249":"a","6250":"n","6251":"s","6252":"f","6253":"o","6254":"r","6255":"m","6256":":","6257":" ","6258":"t","6259":"r","6260":"a","6261":"n","6262":"s","6263":"l","6264":"a","6265":"t","6266":"e","6267":"Y","6268":"(","6269":"-","6270":"3","6271":"p","6272":"x","6273":")","6274":";","6275":"\\","6276":"r","6277":"\\","6278":"n","6279":" ","6280":" ","6281":"b","6282":"o","6283":"x","6284":"-","6285":"s","6286":"h","6287":"a","6288":"d","6289":"o","6290":"w","6291":":","6292":" ","6293":"0","6294":" ","6295":"6","6296":"p","6297":"x","6298":" ","6299":"1","6300":"5","6301":"p","6302":"x","6303":" ","6304":"r","6305":"g","6306":"b","6307":"a","6308":"(","6309":"0","6310":",","6311":" ","6312":"0","6313":",","6314":" ","6315":"0","6316":",","6317":" ","6318":"0","6319":".","6320":"1","6321":")","6322":";","6323":"\\","6324":"r","6325":"\\","6326":"n","6327":" ","6328":" ","6329":"b","6330":"a","6331":"c","6332":"k","6333":"g","6334":"r","6335":"o","6336":"u","6337":"n","6338":"d","6339":":","6340":" ","6341":"r","6342":"g","6343":"b","6344":"a","6345":"(","6346":"2","6347":"5","6348":"5","6349":",","6350":" ","6351":"2","6352":"5","6353":"5","6354":",","6355":" ","6356":"2","6357":"5","6358":"5","6359":",","6360":" ","6361":"1","6362":")","6363":";","6364":"\\","6365":"r","6366":"\\","6367":"n","6368":"}","6369":"\\","6370":"r","6371":"\\","6372":"n","6373":"\\","6374":"r","6375":"\\","6376":"n","6377":".","6378":"i","6379":"c","6380":"o","6381":"n","6382":"-","6383":"w","6384":"r","6385":"a","6386":"p","6387":"p","6388":"e","6389":"r","6390":" ","6391":"{","6392":"\\","6393":"r","6394":"\\","6395":"n","6396":" ","6397":" ","6398":"w","6399":"i","6400":"d","6401":"t","6402":"h","6403":":","6404":" ","6405":"4","6406":"8","6407":"p","6408":"x","6409":";","6410":"\\","6411":"r","6412":"\\","6413":"n","6414":" ","6415":" ","6416":"h","6417":"e","6418":"i","6419":"g","6420":"h","6421":"t","6422":":","6423":" ","6424":"4","6425":"8","6426":"p","6427":"x","6428":";","6429":"\\","6430":"r","6431":"\\","6432":"n","6433":" ","6434":" ","6435":"d","6436":"i","6437":"s","6438":"p","6439":"l","6440":"a","6441":"y","6442":":","6443":" ","6444":"f","6445":"l","6446":"e","6447":"x","6448":";","6449":"\\","6450":"r","6451":"\\","6452":"n","6453":" ","6454":" ","6455":"a","6456":"l","6457":"i","6458":"g","6459":"n","6460":"-","6461":"i","6462":"t","6463":"e","6464":"m","6465":"s","6466":":","6467":" ","6468":"c","6469":"e","6470":"n","6471":"t","6472":"e","6473":"r","6474":";","6475":"\\","6476":"r","6477":"\\","6478":"n","6479":" ","6480":" ","6481":"j","6482":"u","6483":"s","6484":"t","6485":"i","6486":"f","6487":"y","6488":"-","6489":"c","6490":"o","6491":"n","6492":"t","6493":"e","6494":"n","6495":"t","6496":":","6497":" ","6498":"c","6499":"e","6500":"n","6501":"t","6502":"e","6503":"r","6504":";","6505":"\\","6506":"r","6507":"\\","6508":"n","6509":" ","6510":" ","6511":"b","6512":"a","6513":"c","6514":"k","6515":"g","6516":"r","6517":"o","6518":"u","6519":"n","6520":"d","6521":":","6522":" ","6523":"l","6524":"i","6525":"n","6526":"e","6527":"a","6528":"r","6529":"-","6530":"g","6531":"r","6532":"a","6533":"d","6534":"i","6535":"e","6536":"n","6537":"t","6538":"(","6539":"1","6540":"3","6541":"5","6542":"d","6543":"e","6544":"g","6545":",","6546":" ","6547":"#","6548":"3","6549":"1","6550":"8","6551":"2","6552":"c","6553":"e","6554":",","6555":" ","6556":"#","6557":"4","6558":"2","6559":"9","6560":"9","6561":"e","6562":"1","6563":")","6564":";","6565":"\\","6566":"r","6567":"\\","6568":"n","6569":" ","6570":" ","6571":"b","6572":"o","6573":"r","6574":"d","6575":"e","6576":"r","6577":"-","6578":"r","6579":"a","6580":"d","6581":"i","6582":"u","6583":"s","6584":":","6585":" ","6586":"1","6587":"2","6588":"p","6589":"x","6590":";","6591":"\\","6592":"r","6593":"\\","6594":"n","6595":" ","6596":" ","6597":"c","6598":"o","6599":"l","6600":"o","6601":"r","6602":":","6603":" ","6604":"w","6605":"h","6606":"i","6607":"t","6608":"e","6609":";","6610":"\\","6611":"r","6612":"\\","6613":"n","6614":" ","6615":" ","6616":"f","6617":"o","6618":"n","6619":"t","6620":"-","6621":"s","6622":"i","6623":"z","6624":"e","6625":":","6626":" ","6627":"1","6628":".","6629":"5","6630":"r","6631":"e","6632":"m","6633":";","6634":"\\","6635":"r","6636":"\\","6637":"n","6638":"}","6639":"\\","6640":"r","6641":"\\","6642":"n","6643":"\\","6644":"r","6645":"\\","6646":"n","6647":".","6648":"d","6649":"e","6650":"t","6651":"a","6652":"i","6653":"l","6654":"-","6655":"c","6656":"o","6657":"n","6658":"t","6659":"e","6660":"n","6661":"t","6662":" ","6663":"{","6664":"\\","6665":"r","6666":"\\","6667":"n","6668":" ","6669":" ","6670":"f","6671":"l","6672":"e","6673":"x","6674":"-","6675":"g","6676":"r","6677":"o","6678":"w","6679":":","6680":" ","6681":"1","6682":";","6683":"\\","6684":"r","6685":"\\","6686":"n","6687":"}","6688":"\\","6689":"r","6690":"\\","6691":"n","6692":"\\","6693":"r","6694":"\\","6695":"n","6696":".","6697":"d","6698":"e","6699":"t","6700":"a","6701":"i","6702":"l","6703":"-","6704":"v","6705":"a","6706":"l","6707":"u","6708":"e","6709":" ","6710":"{","6711":"\\","6712":"r","6713":"\\","6714":"n","6715":" ","6716":" ","6717":"f","6718":"o","6719":"n","6720":"t","6721":"-","6722":"s","6723":"i","6724":"z","6725":"e","6726":":","6727":" ","6728":"1","6729":".","6730":"2","6731":"r","6732":"e","6733":"m","6734":";","6735":"\\","6736":"r","6737":"\\","6738":"n","6739":" ","6740":" ","6741":"f","6742":"o","6743":"n","6744":"t","6745":"-","6746":"w","6747":"e","6748":"i","6749":"g","6750":"h","6751":"t","6752":":","6753":" ","6754":"6","6755":"0","6756":"0","6757":";","6758":"\\","6759":"r","6760":"\\","6761":"n","6762":" ","6763":" ","6764":"c","6765":"o","6766":"l","6767":"o","6768":"r","6769":":","6770":" ","6771":"#","6772":"2","6773":"d","6774":"3","6775":"7","6776":"4","6777":"8","6778":";","6779":"\\","6780":"r","6781":"\\","6782":"n","6783":" ","6784":" ","6785":"m","6786":"a"
[...]
":"l","17498":"o","17499":"r","17500":":","17501":" ","17502":"v","17503":"a","17504":"r","17505":"(","17506":"-","17507":"-","17508":"b","17509":"s","17510":"-","17511":"p","17512":"r","17513":"i","17514":"m","17515":"a","17516":"r","17517":"y","17518":")","17519":";","17520":"\\","17521":"r","17522":"\\","17523":"n","17524":" ","17525":" ","17526":"f","17527":"o","17528":"n","17529":"t","17530":"-","17531":"w","17532":"e","17533":"i","17534":"g","17535":"h","17536":"t","17537":":","17538":" ","17539":"5","17540":"0","17541":"0","17542":";","17543":"\\","17544":"r","17545":"\\","17546":"n","17547":" ","17548":" ","17549":"m","17550":"a","17551":"r","17552":"g","17553":"i","17554":"n","17555":"-","17556":"b","17557":"o","17558":"t","17559":"t","17560":"o","17561":"m","17562":":","17563":" ","17564":"0","17565":".","17566":"5","17567":"r","17568":"e","17569":"m","17570":";","17571":"\\","17572":"r","17573":"\\","17574":"n","17575":"}","17576":"\\","17577":"r","17578":"\\","17579":"n","17580":"\\","17581":"r","17582":"\\","17583":"n","17584":".","17585":"f","17586":"o","17587":"r","17588":"e","17589":"c","17590":"a","17591":"s","17592":"t","17593":"-","17594":"m","17595":"a","17596":"i","17597":"n","17598":" ","17599":"{","17600":"\\","17601":"r","17602":"\\","17603":"n","17604":" ","17605":" ","17606":"d","17607":"i","17608":"s","17609":"p","17610":"l","17611":"a","17612":"y","17613":":","17614":" ","17615":"f","17616":"l","17617":"e","17618":"x","17619":";","17620":"\\","17621":"r","17622":"\\","17623":"n","17624":" ","17625":" ","17626":"j","17627":"u","17628":"s","17629":"t","17630":"i","17631":"f","17632":"y","17633":"-","17634":"c","17635":"o","17636":"n","17637":"t","17638":"e","17639":"n","17640":"t","17641":":","17642":" ","17643":"s","17644":"p","17645":"a","17646":"c","17647":"e","17648":"-","17649":"b","17650":"e","17651":"t","17652":"w","17653":"e","17654":"e","17655":"n","17656":";","17657":"\\","17658":"r","17659":"\\","17660":"n","17661":" ","17662":" ","17663":"a","17664":"l","17665":"i","17666":"g","17667":"n","17668":"-","17669":"i","17670":"t","17671":"e","17672":"m","17673":"s","17674":":","17675":" ","17676":"c","17677":"e","17678":"n","17679":"t","17680":"e","17681":"r","17682":";","17683":"\\","17684":"r","17685":"\\","17686":"n","17687":" ","17688":" ","17689":"m","17690":"a","17691":"r","17692":"g","17693":"i","17694":"n","17695":":","17696":" ","17697":"0","17698":".","17699":"5","17700":"r","17701":"e","17702":"m","17703":" ","17704":"0","17705":";","17706":"\\","17707":"r","17708":"\\","17709":"n","17710":"}","17711":"\\","17712":"r","17713":"\\","17714":"n","17715":"\\","17716":"r","17717":"\\","17718":"n","17719":".","17720":"f","17721":"o","17722":"r","17723":"e","17724":"c","17725":"a","17726":"s","17727":"t","17728":"-","17729":"t","17730":"e","17731":"m","17732":"p","17733":" ","17734":"{","17735":"\\","17736":"r","17737":"\\","17738":"n","17739":" ","17740":" ","17741":"f","17742":"o","17743":"n","17744":"t","17745":"-","17746":"s","17747":"i","17748":"z","17749":"e","17750":":","17751":" ","17752":"1","17753":".","17754":"5","17755":"r","17756":"e","17757":"m","17758":";","17759":"\\","17760":"r","17761":"\\","17762":"n","17763":" ","17764":" ","17765":"f","17766":"o","17767":"n","17768":"t","17769":"-","17770":"w","17771":"e","17772":"i","17773":"g","17774":"h","17775":"t","17776":":","17777":" ","17778":"6","17779":"0","17780":"0","17781":";","17782":"\\","17783":"r","17784":"\\","17785":"n","17786":" ","17787":" ","17788":"c","17789":"o","17790":"l","17791":"o","17792":"r","17793":":","17794":" ","17795":"#","17796":"2","17797":"c","17798":"3","17799":"e","17800":"5","17801":"0","17802":";","17803":"\\","17804":"r","17805":"\\","17806":"n","17807":"}","17808":"\\","17809":"r","17810":"\\","17811":"n","17812":"\\","17813":"r","17814":"\\","17815":"n","17816":".","17817":"f","17818":"o","17819":"r","17820":"e","17821":"c","17822":"a","17823":"s","17824":"t","17825":"-","17826":"i","17827":"c","17828":"o","17829":"n","17830":" ","17831":"{","17832":"\\","17833":"r","17834":"\\","17835":"n","17836":" ","17837":" ","17838":"f","17839":"o","17840":"n","17841":"t","17842":"-","17843":"s","17844":"i","17845":"z","17846":"e","17847":":","17848":" ","17849":"2","17850":"r","17851":"e","17852":"m","17853":";","17854":"\\","17855":"r","17856":"\\","17857":"n","17858":" ","17859":" ","17860":"c","17861":"o","17862":"l","17863":"o","17864":"r","17865":":","17866":" ","17867":"v","17868":"a","17869":"r","17870":"(","17871":"-","17872":"-","17873":"b","17874":"s","17875":"-","17876":"p","17877":"r","17878":"i","17879":"m","17880":"a","17881":"r","17882":"y","17883":")","17884":";","17885":"\\","17886":"r","17887":"\\","17888":"n","17889":"}","17890":"\\","17891":"r","17892":"\\","17893":"n","17894":"\\","17895":"r","17896":"\\","17897":"n","17898":".","17899":"f","17900":"o","17901":"r","17902":"e","17903":"c","17904":"a","17905":"s","17906":"t","17907":"-","17908":"d","17909":"e","17910":"s","17911":"c","17912":"r","17913":"i","17914":"p","17915":"t","17916":"i","17917":"o","17918":"n","17919":" ","17920":"{","17921":"\\","17922":"r","17923":"\\","17924":"n","17925":" ","17926":" ","17927":"c","17928":"o","17929":"l","17930":"o","17931":"r","17932":":","17933":" ","17934":"#","17935":"6","17936":"c","17937":"7","17938":"5","17939":"7","17940":"d","17941":";","17942":"\\","17943":"r","17944":"\\","17945":"n","17946":" ","17947":" ","17948":"f","17949":"o","17950":"n","17951":"t","17952":"-","17953":"s","17954":"i","17955":"z","17956":"e","17957":":","17958":" ","17959":"0","17960":".","17961":"9","17962":"r","17963":"e","17964":"m","17965":";","17966":"\\","17967":"r","17968":"\\","17969":"n","17970":" ","17971":" ","17972":"t","17973":"e","17974":"x","17975":"t","17976":"-","17977":"t","17978":"r","17979":"a","17980":"n","17981":"s","17982":"f","17983":"o","17984":"r","17985":"m","17986":":","17987":" ","17988":"c","17989":"a","17990":"p","17991":"i","17992":"t","17993":"a","17994":"l","17995":"i","17996":"z","17997":"e","17998":";","17999":"\\","18000":"r","18001":"\\","18002":"n","18003":" ","18004":" ","18005":"m","18006":"a","18007":"r","18008":"g","18009":"i","18010":"n","18011":":","18012":" ","18013":"0","18014":".","18015":"5","18016":"r","18017":"e","18018":"m","18019":" ","18020":"0","18021":";","18022":"\\","18023":"r","18024":"\\","18025":"n","18026":"}","18027":"\\","18028":"r","18029":"\\","18030":"n","18031":"\\","18032":"r","18033":"\\","18034":"n","18035":".","18036":"f","18037":"o","18038":"r","18039":"e","18040":"c","18041":"a","18042":"s","18043":"t","18044":"-","18045":"m","18046":"i","18047":"n","18048":"m","18049":"a","18050":"x","18051":" ","18052":"{","18053":"\\","18054":"r","18055":"\\","18056":"n","18057":" ","18058":" ","18059":"d","18060":"i","18061":"s","18062":"p","18063":"l","18064":"a","18065":"y","18066":":","18067":" ","18068":"f","18069":"l","18070":"e","18071":"x","18072":";","18073":"\\","18074":"r","18075":"\\","18076":"n","18077":" ","18078":" ","18079":"j","18080":"u","18081":"s","18082":"t","18083":"i","18084":"f","18085":"y","18086":"-","18087":"c","18088":"o","18089":"n","18090":"t","18091":"e","18092":"n","18093":"t","18094":":","18095":" ","18096":"s","18097":"p","18098":"a","18099":"c","18100":"e","18101":"-","18102":"b","18103":"e","18104":"t","18105":"w","18106":"e","18107":"e","18108":"n","18109":";","18110":"\\","18111":"r","18112":"\\","18113":"n","18114":" ","18115":" ","18116":"f","18117":"o","18118":"n","18119":"t","18120":"-","18121":"s","18122":"i","18123":"z","18124":"e","18125":":","18126":" ","18127":"0","18128":".","18129":"9","18130":"r","18131":"e","18132":"m","18133":";","18134":"\\","18135":"r","18136":"\\","18137":"n","18138":" ","18139":" ","18140":"m","18141":"a","18142":"r","18143":"g","18144":"i","18145":"n","18146":"-","18147":"t","18148":"o","18149":"p","18150":":","18151":" ","18152":"0","18153":".","18154":"5","18155":"r","18156":"e","18157":"m","18158":";","18159":"\\","18160":"r","18161":"\\","18162":"n","18163":"}","18164":"\\","18165":"r","18166":"\\","18167":"n","18168":"\\","18169":"r","18170":"\\","18171":"n","18172":".","18173":"m","18174":"a","18175":"x","18176":"-","18177":"t","18178":"e","18179":"m","18180":"p","18181":" ","18182":"{","18183":"\\","18184":"r","18185":"\\","18186":"n","18187":" ","18188":" ","18189":"c","18190":"o","18191":"l","18192":"o","18193":"r","18194":":","18195":" ","18196":"v","18197":"a","18198":"r","18199":"(","18200":"-","18201":"-","18202":"b","18203":"s","18204":"-","18205":"d","18206":"a","18207":"n","18208":"g","18209":"e","18210":"r","18211":")","18212":";","18213":"\\","18214":"r","18215":"\\","18216":"n","18217":"}","18218":"\\","18219":"r","18220":"\\","18221":"n","18222":"\\","18223":"r","18224":"\\","18225":"n","18226":".","18227":"m","18228":"i","18229":"n","18230":"-","18231":"t","18232":"e","18233":"m","18234":"p","18235":" ","18236":"{","18237":"\\","18238":"r","18239":"\\","18240":"n","18241":" ","18242":" ","18243":"c","18244":"o","18245":"l","18246":"o","18247":"r","18248":":","18249":" ","18250":"v","18251":"a","18252":"r","18253":"(","18254":"-","18255":"-","18256":"b","18257":"s","18258":"-","18259":"i","18260":"n","18261":"f","18262":"o","18263":")","18264":";","18265":"\\","18266":"r","18267":"\\","18268":"n","18269":"}","18270":"\\","18271":"r","18272":"\\","18273":"n","18274":"\\","18275":"r","18276":"\\","18277":"n","18278":".","18279":"f","18280":"o","18281":"r","18282":"e","18283":"c","18284":"a","18285":"s","18286":"t","18287":"-","18288":"m","18289":"i","18290":"n","18291":"m","18292":"a","18293":"x","18294":" ","18295":"i","18296":" ","18297":"{","18298":"\\","18299":"r","18300":"\\","18301":"n","18302":" ","18303":" ","18304":"m","18305":"a","18306":"r","18307":"g","18308":"i","18309":"n","18310":"-","18311":"r","18312":"i","18313":"g","18314":"h","18315":"t","18316":":","18317":" ","18318":"0","18319":".","18320":"2","18321":"5","18322":"r","18323":"e","18324":"m","18325":";","18326":"\\","18327":"r","18328":"\\","18329":"n","18330":"}","18331":"\\","18332":"r","18333":"\\","18334":"n","18335":"\\","18336":"r","18337":"\\","18338":"n","18339":"/","18340":"*","18341":" ","18342":"A","18343":"n","18344":"i","18345":"m","18346":"a","18347":"t","18348":"i","18349":"o","18350":"n","18351":"s","18352":" ","18353":"*","18354":"/","18355":"\\","18356":"r","18357":"\\","18358":"n","18359":".","18360":"r","18361":"o","18362":"t","18363":"a","18364":"t","18365":"i","18366":"n","18367":"g","18368":" ","18369":"{","18370":"\\","18371":"r","18372":"\\","18373":"n","18374":" ","18375":" ","18376":"a","18377":"n","18378":"i","18379":"m","18380":"a","18381":"t","18382":"i","18383":"o","18384":"n","18385":":","18386":" ","18387":"r","18388":"o","18389":"t","18390":"a","18391":"t","18392":"e","18393":" ","18394":"1","18395":"s","18396":" ","18397":"l","18398":"i","18399":"n","18400":"e","18401":"a","18402":"r","18403":" ","18404":"i","18405":"n","18406":"f","18407":"i","18408":"n","18409":"i","18410":"t","18411":"e","18412":";","18413":"\\","18414":"r","18415":"\\","18416":"n","18417":"}","18418":"\\","18419":"r","18420":"\\","18421":"n","18422":"\\","18423":"r","18424":"\\","18425":"n","18426":"@","18427":"k","18428":"e","18429":"y","18430":"f","18431":"r","18432":"a","18433":"m","18434":"e","18435":"s","18436":" ","18437":"r","18438":"o","18439":"t","18440":"a","18441":"t","18442":"e","18443":" ","18444":"{","18445":"\\","18446":"r","18447":"\\","18448":"n","18449":" ","18450":" ","18451":"f","18452":"r","18453":"o","18454":"m","18455":" ","18456":"{","18457":"\\","18458":"r","18459":"\\","18460":"n","18461":" ","18462":" ","18463":" ","18464":" ","18465":"t","18466":"r","18467":"a","18468":"n","18469":"s","18470":"f","18471":"o","18472":"r","18473":"m","18474":":","18475":" ","18476":"r","18477":"o","18478":"t","18479":"a","18480":"t","18481":"e","18482":"(","18483":"0","18484":"d","18485":"e","18486":"g","18487":")","18488":";","18489":"\\","18490":"r","18491":"\\","18492":"n","18493":" ","18494":" ","18495":"}","18496":"\\","18497":"r","18498":"\\","18499":"n","18500":"\\","18501":"r","18502":"\\","18503":"n","18504":" ","18505":" ","18506":"t","18507":"o","18508":" ","18509":"{","18510":"\\","18511":"r","18512":"\\","18513":"n","18514":" ","18515":" ","18516":" ","18517":" ","18518":"t","18519":"r","18520":"a","18521":"n","18522":"s","18523":"f","18524":"o","18525":"r","18526":"m","18527":":","18528":" ","18529":"r","18530":"o","18531":"t","18532":"a","18533":"t","18534":"e","18535":"(","18536":"3","18537":"6","18538":"0","18539":"d","18540":"e","18541":"g","18542":")","18543":";","18544":"\\","18545":"r","18546":"\\","18547":"n","18548":" ","18549":" ","18550":"}","18551":"\\","18552":"r","18553":"\\","18554":"n","18555":"}","18556":"\\","18557":"r","18558":"\\","18559":"n","18560":"\\","18561":"r","18562":"\\","18563":"n","18564":".","18565":"f","18566":"a","18567":"d","18568":"e","18569":"-","18570":"i","18571":"n","18572":" ","18573":"{","18574":"\\","18575":"r","18576":"\\","18577":"n","18578":" ","18579":" ","18580":"a","18581":"n","18582":"i","18583":"m","18584":"a","18585":"t","18586":"i","18587":"o","18588":"n","18589":":","18590":" ","18591":"f","18592":"a","18593":"d","18594":"e","18595":"I","18596":"n","18597":" ","18598":"0","18599":".","18600":"5","18601":"s","18602":" ","18603":"e","18604":"a","18605":"s","18606":"e","18607":"-","18608":"i","18609":"n","18610":";","18611":"\\","18612":"r","18613":"\\","18614":"n","18615":"}","18616":"\\","18617":"r","18618":"\\","18619":"n","18620":"\\","18621":"r","18622":"\\","18623":"n","18624":"@","18625":"k","18626":"e","18627":"y","18628":"f","18629":"r","18630":"a","18631":"m","18632":"e","18633":"s","18634":" ","18635":"f","18636":"a","18637":"d","18638":"e","18639":"I","18640":"n","18641":" ","18642":"{","18643":"\\","18644":"r","18645":"\\","18646":"n","18647":" ","18648":" ","18649":"f","18650":"r","18651":"o","18652":"m","18653":" ","18654":"{","18655":"\\","18656":"r","18657":"\\","18658":"n","18659":" ","18660":" ","18661":" ","18662":" ","18663":"o","18664":"p","18665":"a","18666":"c","18667":"i","18668":"t","18669":"y","18670":":","18671":" ","18672":"0","18673":";","18674":"\\","18675":"r","18676":"\\","18677":"n","18678":" ","18679":" ","18680":" ","18681":" ","18682":"t","18683":"r","18684":"a","18685":"n","18686":"s","18687":"f","18688":"o","18689":"r","18690":"m","18691":":","18692":" ","18693":"t","18694":"r","18695":"a","18696":"n","18697":"s","18698":"l","18699":"a","18700":"t","18701":"e","18702":"Y","18703":"(","18704":"1","18705":"0","18706":"p","18707":"x","18708":")","18709":";","18710":"\\","18711":"r","18712":"\\","18713":"n","18714":" ","18715":" ","18716":"}","18717":"\\","18718":"r","18719":"\\","18720":"n","18721":"\\","18722":"r","18723":"\\","18724":"n","18725":" ","18726":" ","18727":"t","18728":"o","18729":" ","18730":"{","18731":"\\","18732":"r","18733":"\\","18734":"n","18735":" ","18736":" ","18737":" ","18738":" ","18739":"o","18740":"p","18741":"a","18742":"c","18743":"i","18744":"t","18745":"y","18746":":","18747":" ","18748":"1","18749":";","18750":"\\","18751":"r","18752":"\\","18753":"n","18754":" ","18755":" ","18756":" ","18757":" ","18758":"t","18759":"r","18760":"a","18761":"n","18762":"s","18763":"f","18764":"o","18765":"r","18766":"m","18767":":","18768":" ","18769":"t","18770":"r","18771":"a","18772":"n","18773":"s","18774":"l","18775":"a","18776":"t","18777":"e","18778":"Y","18779":"(","18780":"0","18781":")","18782":";","18783":"\\","18784":"r","18785":"\\","18786":"n","18787":" ","18788":" ","18789":"}","18790":"\\","18791":"r","18792":"\\","18793":"n","18794":"}","18795":"\\","18796":"r","18797":"\\","18798":"n","18799":"\\","18800":"r","18801":"\\","18802":"n","18803":"/","18804":"*","18805":" ","18806":"R","18807":"e","18808":"s","18809":"p","18810":"o","18811":"n","18812":"s","18813":"i","18814":"v","18815":"e","18816":" ","18817":"A","18818":"d","18819":"j","18820":"u","18821":"s","18822":"t","18823":"m","18824":"e","18825":"n","18826":"t","18827":"s","18828":" ","18829":"*","18830":"/","18831":"\\","18832":"r","18833":"\\","18834":"n","18835":"@","18836":"m","18837":"e","18838":"d","18839":"i","18840":"a","18841":" ","18842":"(","18843":"m","18844":"a","18845":"x","18846":"-","18847":"w","18848":"i","18849":"d","18850":"t","18851":"h","18852":":","18853":" ","18854":"7","18855":"6","18856":"8","18857":"p","18858":"x","18859":")","18860":" ","18861":"{","18862":"\\","18863":"r","18864":"\\","18865":"n","18866":" ","18867":" ","18868":".","18869":"w","18870":"e","18871":"a","18872":"t","18873":"h","18874":"e","18875":"r","18876":"-","18877":"d","18878":"e","18879":"t","18880":"a","18881":"i","18882":"l","18883":"s","18884":" ","18885":"{","18886":"\\","18887":"r","18888":"\\","18889":"n","18890":" ","18891":" ","18892":" ","18893":" ","18894":"g","18895":"r","18896":"i","18897":"d","18898":"-","18899":"t","18900":"e","18901":"m","18902":"p","18903":"l","18904":"a","18905":"t","18906":"e","18907":"-","18908":"c","18909":"o","18910":"l","18911":"u","18912":"m","18913":"n","18914":"s","18915":":","18916":" ","18917":"1","18918":"f","18919":"r","18920":";","18921":"\\","18922":"r","18923":"\\","18924":"n","18925":" ","18926":" ","18927":" ","18928":" ","18929":"g","18930":"a","18931":"p","18932":":","18933":" ","18934":"0","18935":".","18936":"7","18937":"5","18938":"r","18939":"e","18940":"m","18941":";","18942":"\\","18943":"r","18944":"\\","18945":"n","18946":" ","18947":" ","18948":"}","18949":"\\","18950":"r","18951":"\\","18952":"n","18953":"\\","18954":"r","18955":"\\","18956":"n","18957":" ","18958":" ","18959":".","18960":"t","18961":"e","18962":"m","18963":"p","18964":"e","18965":"r","18966":"a","18967":"t","18968":"u","18969":"r","18970":"e","18971":" ","18972":"{","18973":"\\","18974":"r","18975":"\\","18976":"n","18977":" ","18978":" ","18979":" ","18980":" ","18981":"f","18982":"o","18983":"n","18984":"t","18985":"-","18986":"s","18987":"i","18988":"z","18989":"e","18990":":","18991":" ","18992":"3","18993":"r","18994":"e","18995":"m","18996":";","18997":"\\","18998":"r","18999":"\\","19000":"n","19001":" ","19002":" ","19003":"}","19004":"\\","19005":"r","19006":"\\","19007":"n","19008":"\\","19009":"r","19010":"\\","19011":"n","19012":" ","19013":" ","19014":".","19015":"w","19016":"e","19017":"a","19018":"t","19019":"h","19020":"e","19021":"r","19022":"-","19023":"i","19024":"c","19025":"o","19026":"n","19027":" ","19028":"{","19029":"\\","19030":"r","19031":"\\","19032":"n","19033":" ","19034":" ","19035":" ","19036":" ","19037":"f","19038":"o","19039":"n","19040":"t","19041":"-","19042":"s","19043":"i","19044":"z","19045":"e","19046":":","19047":" ","19048":"2","19049":".","19050":"5","19051":"r","19052":"e","19053":"m","19054":";","19055":"\\","19056":"r","19057":"\\","19058":"n","19059":" ","19060":" ","19061":"}","19062":"\\","19063":"r","19064":"\\","19065":"n","19066":"\\","19067":"r","19068":"\\","19069":"n","19070":" ","19071":" ","19072":".","19073":"d","19074":"e","19075":"t","19076":"a","19077":"i","19078":"l","19079":"-","19080":"i","19081":"t","19082":"e","19083":"m","19084":" ","19085":"{","19086":"\\","19087":"r","19088":"\\","19089":"n","19090":" ","19091":" ","19092":" ","19093":" ","19094":"p","19095":"a","19096":"d","19097":"d","19098":"i","19099":"n","19100":"g","19101":":","19102":" ","19103":"0","19104":".","19105":"7","19106":"5","19107":"r","19108":"e","19109":"m","19110":";","19111":"\\","19112":"r","19113":"\\","19114":"n","19115":" ","19116":" ","19117":"}","19118":"\\","19119":"r","19120":"\\","19121":"n","19122":"}","19123":"\\","19124":"r","19125":"\\","19126":"n","19127":"<","19128":"/","19129":"s","19130":"t","19131":"y","19132":"l","19133":"e","19134":">","19135":"\"","19136":"]","19137":"}"},"_coverageSchema":"1a1c01bbd47fc00a2c39e90264f33305004495a9","hash":"0dd78c276446230c0d1f8edcc8904788eeb96433"}
}
