TN:
SF:src\components\DateTime.vue
FN:11,(anonymous_0)
FN:24,(anonymous_1)
FN:27,(anonymous_2)
FN:47,(anonymous_3)
FN:51,(anonymous_4)
FN:100,render
FNF:6
FNH:5
FNDA:3,(anonymous_0)
FNDA:15,(anonymous_1)
FNDA:3,(anonymous_2)
FNDA:3,(anonymous_3)
FNDA:0,(anonymous_4)
FNDA:6,render
DA:4,1
DA:7,1
DA:9,1
DA:12,3
DA:25,15
DA:28,3
DA:31,3
DA:32,3
DA:33,3
DA:34,3
DA:35,3
DA:36,3
DA:37,3
DA:38,3
DA:41,3
DA:48,3
DA:49,3
DA:52,0
DA:53,0
DA:57,1
DA:59,1
DA:62,1
DA:63,1
DA:64,1
DA:67,1
DA:70,1
DA:73,1
DA:76,1
DA:79,1
DA:82,1
DA:85,1
DA:88,1
DA:91,1
DA:94,1
DA:97,1
DA:101,6
DA:124,1
LF:37
LH:35
BRDA:52,0,0,0
BRDA:52,0,1,0
BRDA:101,1,0,6
BRDA:101,1,1,3
BRDA:105,2,0,6
BRDA:105,2,1,3
BRDA:107,3,0,6
BRDA:107,3,1,3
BRDA:111,4,0,6
BRDA:111,4,1,3
BRDA:115,5,0,6
BRDA:115,5,1,3
BRDA:119,6,0,6
BRDA:119,6,1,3
BRF:14
BRH:12
end_of_record
TN:
SF:src\components\Navigation.vue
FN:10,(anonymous_0)
FN:16,(anonymous_1)
FN:19,(anonymous_2)
FN:46,render
FN:52,(anonymous_4)
FN:60,(anonymous_5)
FN:68,(anonymous_6)
FN:76,(anonymous_7)
FN:85,(anonymous_8)
FN:98,(anonymous_9)
FN:107,(anonymous_10)
FN:116,(anonymous_11)
FN:125,(anonymous_12)
FNF:13
FNH:0
FNDA:0,(anonymous_0)
FNDA:0,(anonymous_1)
FNDA:0,(anonymous_2)
FNDA:0,render
FNDA:0,(anonymous_4)
FNDA:0,(anonymous_5)
FNDA:0,(anonymous_6)
FNDA:0,(anonymous_7)
FNDA:0,(anonymous_8)
FNDA:0,(anonymous_9)
FNDA:0,(anonymous_10)
FNDA:0,(anonymous_11)
FNDA:0,(anonymous_12)
DA:4,0
DA:7,0
DA:8,0
DA:11,0
DA:17,0
DA:20,0
DA:24,0
DA:26,0
DA:29,0
DA:30,0
DA:31,0
DA:34,0
DA:37,0
DA:40,0
DA:43,0
DA:47,0
DA:48,0
DA:52,0
DA:60,0
DA:68,0
DA:76,0
DA:85,0
DA:98,0
DA:107,0
DA:116,0
DA:125,0
DA:130,0
LF:27
LH:0
BRDA:52,0,0,0
BRDA:52,0,1,0
BRDA:60,1,0,0
BRDA:60,1,1,0
BRDA:68,2,0,0
BRDA:68,2,1,0
BRDA:76,3,0,0
BRDA:76,3,1,0
BRDA:80,4,0,0
BRDA:80,4,1,0
BRDA:85,5,0,0
BRDA:85,5,1,0
BRDA:85,6,0,0
BRDA:85,6,1,0
BRDA:88,7,0,0
BRDA:88,7,1,0
BRDA:98,8,0,0
BRDA:98,8,1,0
BRDA:107,9,0,0
BRDA:107,9,1,0
BRDA:116,10,0,0
BRDA:116,10,1,0
BRDA:125,11,0,0
BRDA:125,11,1,0
BRF:24
BRH:0
end_of_record
TN:
SF:src\components\WeatherWidget.vue
FN:15,(anonymous_0)
FN:32,(anonymous_1)
FN:40,(anonymous_2)
FN:56,(anonymous_3)
FN:86,(anonymous_4)
FN:98,(anonymous_5)
FN:100,(anonymous_6)
FN:113,(anonymous_7)
FN:243,render
FN:251,(anonymous_9)
FN:309,(anonymous_10)
FNF:11
FNH:4
FNDA:3,(anonymous_0)
FNDA:0,(anonymous_1)
FNDA:0,(anonymous_2)
FNDA:3,(anonymous_3)
FNDA:0,(anonymous_4)
FNDA:0,(anonymous_5)
FNDA:0,(anonymous_6)
FNDA:3,(anonymous_7)
FNDA:6,render
FNDA:0,(anonymous_9)
FNDA:0,(anonymous_10)
DA:4,1
DA:7,1
DA:8,1
DA:9,1
DA:10,1
DA:11,1
DA:12,1
DA:13,1
DA:16,3
DA:33,0
DA:34,0
DA:41,0
DA:54,0
DA:57,3
DA:58,3
DA:59,3
DA:61,3
DA:62,0
DA:63,0
DA:65,0
DA:68,0
DA:78,0
DA:79,0
DA:80,0
DA:82,0
DA:85,0
DA:86,0
DA:87,0
DA:88,0
DA:89,0
DA:95,0
DA:96,0
DA:98,0
DA:100,0
DA:106,3
DA:107,3
DA:109,3
DA:114,3
DA:115,3
DA:118,1
DA:120,1
DA:123,1
DA:124,1
DA:125,1
DA:128,1
DA:131,1
DA:134,1
DA:137,1
DA:138,1
DA:142,1
DA:145,1
DA:149,1
DA:152,1
DA:155,1
DA:158,1
DA:162,1
DA:165,1
DA:169,1
DA:172,1
DA:176,1
DA:179,1
DA:182,1
DA:185,1
DA:188,1
DA:191,1
DA:194,1
DA:197,1
DA:200,1
DA:203,1
DA:206,1
DA:209,1
DA:212,1
DA:216,1
DA:219,1
DA:222,1
DA:225,1
DA:228,1
DA:231,1
DA:234,1
DA:237,1
DA:240,1
DA:244,6
DA:251,0
DA:310,0
DA:321,1
LF:85
LH:62
BRDA:54,0,0,0
BRDA:54,0,1,0
BRDA:62,1,0,0
BRDA:62,1,1,0
BRDA:69,2,0,0
BRDA:69,2,1,0
BRDA:70,3,0,0
BRDA:70,3,1,0
BRDA:71,4,0,0
BRDA:71,4,1,0
BRDA:72,5,0,0
BRDA:72,5,1,0
BRDA:73,6,0,0
BRDA:73,6,1,0
BRDA:74,7,0,0
BRDA:74,7,1,0
BRDA:79,8,0,0
BRDA:79,8,1,0
BRDA:88,9,0,0
BRDA:88,9,1,0
BRDA:244,10,0,6
BRDA:244,10,1,3
BRDA:251,11,0,6
BRDA:251,11,1,3
BRDA:251,12,0,0
BRDA:251,12,1,0
BRDA:258,13,0,3
BRDA:258,13,1,3
BRDA:258,14,0,3
BRDA:258,14,1,3
BRDA:277,15,0,3
BRDA:277,15,1,0
BRDA:279,16,0,3
BRDA:279,16,1,3
BRDA:283,17,0,0
BRDA:283,17,1,0
BRDA:283,18,0,0
BRDA:283,18,1,0
BRDA:283,19,0,0
BRDA:283,19,1,0
BRDA:286,20,0,0
BRDA:286,20,1,0
BRDA:287,21,0,0
BRDA:287,21,1,0
BRDA:287,22,0,0
BRDA:287,22,1,0
BRDA:289,23,0,0
BRDA:289,23,1,0
BRDA:289,24,0,0
BRDA:289,24,1,0
BRDA:289,25,0,0
BRDA:289,25,1,0
BRDA:291,26,0,0
BRDA:291,26,1,0
BRDA:293,27,0,0
BRDA:293,27,1,0
BRDA:293,28,0,0
BRDA:293,28,1,0
BRDA:295,29,0,0
BRDA:295,29,1,0
BRDA:297,30,0,0
BRDA:297,30,1,0
BRDA:297,31,0,0
BRDA:297,31,1,0
BRDA:299,32,0,0
BRDA:299,32,1,0
BRDA:301,33,0,0
BRDA:301,33,1,0
BRDA:301,34,0,0
BRDA:301,34,1,0
BRDA:303,35,0,0
BRDA:303,35,1,0
BRDA:305,36,0,0
BRDA:305,36,1,0
BRDA:305,37,0,0
BRDA:305,37,1,0
BRDA:305,38,0,0
BRDA:305,38,1,0
BRDA:305,39,0,0
BRDA:305,39,1,0
BRDA:315,40,0,0
BRDA:315,40,1,0
BRDA:317,41,0,0
BRDA:317,41,1,0
BRF:84
BRH:11
end_of_record
